<html>
<head>
<title>TestNG:  Zoho App Functional Regression Test - Chrome</title>
<link href="../testng.css" rel="stylesheet" type="text/css" />
<link href="../my-testng.css" rel="stylesheet" type="text/css" />

<style type="text/css">
.log { display: none;} 
.stack-trace { display: none;} 
</style>
<script type="text/javascript">
<!--
function flip(e) {
  current = e.style.display;
  if (current == 'block') {
    e.style.display = 'none';
    return 0;
  }
  else {
    e.style.display = 'block';
    return 1;
  }
}

function toggleBox(szDivId, elem, msg1, msg2)
{
  var res = -1;  if (document.getElementById) {
    res = flip(document.getElementById(szDivId));
  }
  else if (document.all) {
    // this is the way old msie versions work
    res = flip(document.all[szDivId]);
  }
  if(elem) {
    if(res == 0) elem.innerHTML = msg1; else elem.innerHTML = msg2;
  }

}

function toggleAllBoxes() {
  if (document.getElementsByTagName) {
    d = document.getElementsByTagName('div');
    for (i = 0; i < d.length; i++) {
      if (d[i].className == 'log') {
        flip(d[i]);
      }
    }
  }
}

// -->
</script>

</head>
<body>
<h2 align='center'>Zoho App Functional Regression Test - Chrome</h2><table border='1' align="center">
<tr>
<td>Tests passed/Failed/Skipped:</td><td>3/0/5</td>
</tr><tr>
<td>Started on:</td><td>Tue Feb 25 18:01:16 IST 2020</td>
</tr>
<tr><td>Total time:</td><td>90 seconds (90467 ms)</td>
</tr><tr>
<td>Included groups:</td><td></td>
</tr><tr>
<td>Excluded groups:</td><td></td>
</tr>
</table><p/>
<small><i>(Hover the method name to see the test class name)</i></small><p/>
<table width='100%' border='1' class='invocation-failed'>
<tr><td colspan='4' align='center'><b>FAILED CONFIGURATIONS</b></td></tr>
<tr><td><b>Test method</b></td>
<td width="30%"><b>Exception</b></td>
<td width="10%"><b>Time (seconds)</b></td>
<td><b>Instance</b></td>
</tr>
<tr>
<td title='com.zohoapp.testcases.Homepagetest.Setupframework()'><b>Setupframework</b><br>Test class: com.zohoapp.testcases.Homepagetest</td>
<td><div><pre>org.openqa.selenium.SessionNotCreatedException: session not created
from chrome not reachable
  (Session info: chrome=80.0.3987.122)
Build info: version: &apos;3.141.59&apos;, revision: &apos;e82be7d358&apos;, time: &apos;2018-11-14T08:17:03&apos;
System info: host: &apos;ASHISH-LAPTOP&apos;, ip: &apos;192.168.59.1&apos;, os.name: &apos;Windows 10&apos;, os.arch: &apos;x86&apos;, os.version: &apos;10.0&apos;, java.version: &apos;1.8.0_151&apos;
Driver info: driver.version: ChromeDriver
remote stacktrace: Backtrace:
	Ordinal0 [0x00A5A113+1548563]
	Ordinal0 [0x009DDDA1+1039777]
	Ordinal0 [0x0095E32E+516910]
	Ordinal0 [0x00958012+491538]
	Ordinal0 [0x009586EB+493291]
	Ordinal0 [0x00959855+497749]
	Ordinal0 [0x00955885+481413]
	Ordinal0 [0x0095F0D0+520400]
	Ordinal0 [0x0090C030+180272]
	Ordinal0 [0x0090B59D+177565]
	Ordinal0 [0x009095FB+169467]
	Ordinal0 [0x008F160A+71178]
	Ordinal0 [0x008F2690+75408]
	Ordinal0 [0x008F2629+75305]
	Ordinal0 [0x009F71B7+1143223]
	GetHandleVerifier [0x00AF2B46+507814]
	GetHandleVerifier [0x00AF2864+507076]
	GetHandleVerifier [0x00AF9F47+537511]
	GetHandleVerifier [0x00AF3402+510050]
	Ordinal0 [0x009EF29C+1110684]
	Ordinal0 [0x009F938B+1151883]
	Ordinal0 [0x009F94F3+1152243]
	Ordinal0 [0x009F83F5+1147893]
	BaseThreadInitThunk [0x75DE6359+25]
	RtlGetAppContainerNamedObjectPath [0x77B07B74+228]
	RtlGetAppContainerNamedObjectPath [0x77B07B44+180]

	at org.openqa.selenium.remote.W3CHandshakeResponse.lambda$errorHandler$0(W3CHandshakeResponse.java:62)
	at org.openqa.selenium.remote.HandshakeResponse.lambda$getResponseFunction$0(HandshakeResponse.java:30)
	at org.openqa.selenium.remote.ProtocolHandshake.lambda$createSession$0(ProtocolHandshake.java:126)
	at java.util.stream.ReferencePipeline$3$1.accept(Unknown Source)
	at java.util.Spliterators$ArraySpliterator.tryAdvance(Unknown Source)
	at java.util.stream.ReferencePipeline.forEachWithCancel(Unknown Source)
	at java.util.stream.AbstractPipeline.copyIntoWithCancel(Unknown Source)
	at java.util.stream.AbstractPipeline.copyInto(Unknown Source)
	at java.util.stream.AbstractPipeline.wrapAndCopyInto(Unknown Source)
	at java.util.stream.FindOps$FindOp.evaluateSequential(Unknown Source)
	at java.util.stream.AbstractPipeline.evaluate(Unknown Source)
	at java.util.stream.ReferencePipeline.findFirst(Unknown Source)
	at org.openqa.selenium.remote.ProtocolHandshake.createSession(ProtocolHandshake.java:128)
	at org.openqa.selenium.remote.ProtocolHandshake.createSession(ProtocolHandshake.java:74)
	at org.openqa.selenium.remote.HttpCommandExecutor.execute(HttpCommandExecutor.java:136)
	at org.openqa.selenium.remote.service.DriverCommandExecutor.execute(DriverCommandExecutor.java:83)
	at org.openqa.selenium.remote.RemoteWebDriver.execute(RemoteWebDriver.java:552)
	at org.openqa.selenium.remote.RemoteWebDriver.startSession(RemoteWebDriver.java:213)
	at org.openqa.selenium.remote.RemoteWebDriver.&lt;init&gt;(RemoteWebDriver.java:131)
	at org.openqa.selenium.chrome.ChromeDriver.&lt;init&gt;(ChromeDriver.java:181)
	at org.openqa.selenium.chrome.ChromeDriver.&lt;init&gt;(ChromeDriver.java:168)
	at org.openqa.selenium.chrome.ChromeDriver.&lt;init&gt;(ChromeDriver.java:123)
	at com.zohoapp.base.Basepage.init_driver(Basepage.java:22)
	at com.zohoapp.Basetest.BaseTest.Setupframework(BaseTest.java:19)
	at java.util.concurrent.FutureTask.run(Unknown Source)
	at java.util.concurrent.ThreadPoolExecutor.runWorker(Unknown Source)
	at java.util.concurrent.ThreadPoolExecutor$Worker.run(Unknown Source)
	at java.lang.Thread.run(Unknown Source)
... Removed 22 stack frames</pre></div><a href='#' onClick='toggleBox("stack-trace17326008", this, "Click to show all stack frames", "Click to hide stack frames")'>Click to show all stack frames</a>
<div class='stack-trace' id='stack-trace17326008'><pre>org.openqa.selenium.SessionNotCreatedException: session not created
from chrome not reachable
  (Session info: chrome=80.0.3987.122)
Build info: version: &apos;3.141.59&apos;, revision: &apos;e82be7d358&apos;, time: &apos;2018-11-14T08:17:03&apos;
System info: host: &apos;ASHISH-LAPTOP&apos;, ip: &apos;192.168.59.1&apos;, os.name: &apos;Windows 10&apos;, os.arch: &apos;x86&apos;, os.version: &apos;10.0&apos;, java.version: &apos;1.8.0_151&apos;
Driver info: driver.version: ChromeDriver
remote stacktrace: Backtrace:
	Ordinal0 [0x00A5A113+1548563]
	Ordinal0 [0x009DDDA1+1039777]
	Ordinal0 [0x0095E32E+516910]
	Ordinal0 [0x00958012+491538]
	Ordinal0 [0x009586EB+493291]
	Ordinal0 [0x00959855+497749]
	Ordinal0 [0x00955885+481413]
	Ordinal0 [0x0095F0D0+520400]
	Ordinal0 [0x0090C030+180272]
	Ordinal0 [0x0090B59D+177565]
	Ordinal0 [0x009095FB+169467]
	Ordinal0 [0x008F160A+71178]
	Ordinal0 [0x008F2690+75408]
	Ordinal0 [0x008F2629+75305]
	Ordinal0 [0x009F71B7+1143223]
	GetHandleVerifier [0x00AF2B46+507814]
	GetHandleVerifier [0x00AF2864+507076]
	GetHandleVerifier [0x00AF9F47+537511]
	GetHandleVerifier [0x00AF3402+510050]
	Ordinal0 [0x009EF29C+1110684]
	Ordinal0 [0x009F938B+1151883]
	Ordinal0 [0x009F94F3+1152243]
	Ordinal0 [0x009F83F5+1147893]
	BaseThreadInitThunk [0x75DE6359+25]
	RtlGetAppContainerNamedObjectPath [0x77B07B74+228]
	RtlGetAppContainerNamedObjectPath [0x77B07B44+180]

	at sun.reflect.NativeConstructorAccessorImpl.newInstance0(Native Method)
	at sun.reflect.NativeConstructorAccessorImpl.newInstance(Unknown Source)
	at sun.reflect.DelegatingConstructorAccessorImpl.newInstance(Unknown Source)
	at java.lang.reflect.Constructor.newInstance(Unknown Source)
	at org.openqa.selenium.remote.W3CHandshakeResponse.lambda$errorHandler$0(W3CHandshakeResponse.java:62)
	at org.openqa.selenium.remote.HandshakeResponse.lambda$getResponseFunction$0(HandshakeResponse.java:30)
	at org.openqa.selenium.remote.ProtocolHandshake.lambda$createSession$0(ProtocolHandshake.java:126)
	at java.util.stream.ReferencePipeline$3$1.accept(Unknown Source)
	at java.util.Spliterators$ArraySpliterator.tryAdvance(Unknown Source)
	at java.util.stream.ReferencePipeline.forEachWithCancel(Unknown Source)
	at java.util.stream.AbstractPipeline.copyIntoWithCancel(Unknown Source)
	at java.util.stream.AbstractPipeline.copyInto(Unknown Source)
	at java.util.stream.AbstractPipeline.wrapAndCopyInto(Unknown Source)
	at java.util.stream.FindOps$FindOp.evaluateSequential(Unknown Source)
	at java.util.stream.AbstractPipeline.evaluate(Unknown Source)
	at java.util.stream.ReferencePipeline.findFirst(Unknown Source)
	at org.openqa.selenium.remote.ProtocolHandshake.createSession(ProtocolHandshake.java:128)
	at org.openqa.selenium.remote.ProtocolHandshake.createSession(ProtocolHandshake.java:74)
	at org.openqa.selenium.remote.HttpCommandExecutor.execute(HttpCommandExecutor.java:136)
	at org.openqa.selenium.remote.service.DriverCommandExecutor.execute(DriverCommandExecutor.java:83)
	at org.openqa.selenium.remote.RemoteWebDriver.execute(RemoteWebDriver.java:552)
	at org.openqa.selenium.remote.RemoteWebDriver.startSession(RemoteWebDriver.java:213)
	at org.openqa.selenium.remote.RemoteWebDriver.&lt;init&gt;(RemoteWebDriver.java:131)
	at org.openqa.selenium.chrome.ChromeDriver.&lt;init&gt;(ChromeDriver.java:181)
	at org.openqa.selenium.chrome.ChromeDriver.&lt;init&gt;(ChromeDriver.java:168)
	at org.openqa.selenium.chrome.ChromeDriver.&lt;init&gt;(ChromeDriver.java:123)
	at com.zohoapp.base.Basepage.init_driver(Basepage.java:22)
	at com.zohoapp.Basetest.BaseTest.Setupframework(BaseTest.java:19)
	at sun.reflect.NativeMethodAccessorImpl.invoke0(Native Method)
	at sun.reflect.NativeMethodAccessorImpl.invoke(Unknown Source)
	at sun.reflect.DelegatingMethodAccessorImpl.invoke(Unknown Source)
	at java.lang.reflect.Method.invoke(Unknown Source)
	at org.testng.internal.MethodInvocationHelper.invokeMethod(MethodInvocationHelper.java:100)
	at org.testng.internal.Invoker.invokeConfigurationMethod(Invoker.java:515)
	at org.testng.internal.Invoker.invokeConfigurations(Invoker.java:216)
	at org.testng.internal.Invoker.invokeMethod(Invoker.java:590)
	at org.testng.internal.Invoker.invokeTestMethod(Invoker.java:811)
	at org.testng.internal.Invoker.invokeTestMethods(Invoker.java:1129)
	at org.testng.internal.TestMethodWorker.invokeTestMethods(TestMethodWorker.java:129)
	at org.testng.internal.TestMethodWorker.run(TestMethodWorker.java:112)
	at org.testng.TestRunner.privateRun(TestRunner.java:746)
	at org.testng.TestRunner.run(TestRunner.java:600)
	at org.testng.SuiteRunner.runTest(SuiteRunner.java:366)
	at org.testng.SuiteRunner.access$000(SuiteRunner.java:39)
	at org.testng.SuiteRunner$SuiteWorker.run(SuiteRunner.java:400)
	at org.testng.internal.thread.ThreadUtil$2.call(ThreadUtil.java:64)
	at java.util.concurrent.FutureTask.run(Unknown Source)
	at java.util.concurrent.ThreadPoolExecutor.runWorker(Unknown Source)
	at java.util.concurrent.ThreadPoolExecutor$Worker.run(Unknown Source)
	at java.lang.Thread.run(Unknown Source)
</pre></div></td>
<td>0</td>
<td>com.zohoapp.testcases.Homepagetest@101b7af</td></tr>
</table><p>
<table width='100%' border='1' class='invocation-skipped'>
<tr><td colspan='4' align='center'><b>SKIPPED CONFIGURATIONS</b></td></tr>
<tr><td><b>Test method</b></td>
<td width="30%"><b>Exception</b></td>
<td width="10%"><b>Time (seconds)</b></td>
<td><b>Instance</b></td>
</tr>
<tr>
<td title='com.zohoapp.testcases.Homepagetest.Setupframework()'><b>Setupframework</b><br>Test class: com.zohoapp.testcases.Homepagetest</td>
<td></td>
<td>0</td>
<td>com.zohoapp.testcases.Homepagetest@101b7af</td></tr>
<tr>
<td title='com.zohoapp.testcases.Homepagetest.Setupframework()'><b>Setupframework</b><br>Test class: com.zohoapp.testcases.Homepagetest</td>
<td></td>
<td>0</td>
<td>com.zohoapp.testcases.Homepagetest@101b7af</td></tr>
<tr>
<td title='com.zohoapp.testcases.Homepagetest.Setupframework()'><b>Setupframework</b><br>Test class: com.zohoapp.testcases.Homepagetest</td>
<td></td>
<td>0</td>
<td>com.zohoapp.testcases.Homepagetest@101b7af</td></tr>
<tr>
<td title='com.zohoapp.testcases.Homepagetest.Setupframework()'><b>Setupframework</b><br>Test class: com.zohoapp.testcases.Homepagetest</td>
<td></td>
<td>0</td>
<td>com.zohoapp.testcases.Homepagetest@101b7af</td></tr>
<tr>
<td title='com.zohoapp.testcases.Homepagetest.quit()'><b>quit</b><br>Test class: com.zohoapp.testcases.Homepagetest</td>
<td></td>
<td>0</td>
<td>com.zohoapp.testcases.Homepagetest@101b7af</td></tr>
<tr>
<td title='com.zohoapp.testcases.Homepagetest.quit()'><b>quit</b><br>Test class: com.zohoapp.testcases.Homepagetest</td>
<td></td>
<td>0</td>
<td>com.zohoapp.testcases.Homepagetest@101b7af</td></tr>
<tr>
<td title='com.zohoapp.testcases.Homepagetest.quit()'><b>quit</b><br>Test class: com.zohoapp.testcases.Homepagetest</td>
<td></td>
<td>0</td>
<td>com.zohoapp.testcases.Homepagetest@101b7af</td></tr>
<tr>
<td title='com.zohoapp.testcases.Homepagetest.quit()'><b>quit</b><br>Test class: com.zohoapp.testcases.Homepagetest</td>
<td></td>
<td>0</td>
<td>com.zohoapp.testcases.Homepagetest@101b7af</td></tr>
<tr>
<td title='com.zohoapp.testcases.Homepagetest.quit()'><b>quit</b><br>Test class: com.zohoapp.testcases.Homepagetest</td>
<td></td>
<td>0</td>
<td>com.zohoapp.testcases.Homepagetest@101b7af</td></tr>
</table><p>
<table width='100%' border='1' class='invocation-passed'>
<tr><td colspan='4' align='center'><b>PASSED TESTS</b></td></tr>
<tr><td><b>Test method</b></td>
<td width="30%"><b>Exception</b></td>
<td width="10%"><b>Time (seconds)</b></td>
<td><b>Instance</b></td>
</tr>
<tr>
<td title='com.zohoapp.testcases.Homepagetest.VerfifyCustomerLink()'><b>VerfifyCustomerLink</b><br>Test class: com.zohoapp.testcases.Homepagetest</td>
<td></td>
<td>0</td>
<td>com.zohoapp.testcases.Homepagetest@101b7af</td></tr>
<tr>
<td title='com.zohoapp.testcases.Homepagetest.VerifySupportLink()'><b>VerifySupportLink</b><br>Test class: com.zohoapp.testcases.Homepagetest</td>
<td></td>
<td>0</td>
<td>com.zohoapp.testcases.Homepagetest@101b7af</td></tr>
<tr>
<td title='com.zohoapp.testcases.Homepagetest.Verifyactiveimages()'><b>Verifyactiveimages</b><br>Test class: com.zohoapp.testcases.Homepagetest</td>
<td></td>
<td>0</td>
<td>com.zohoapp.testcases.Homepagetest@101b7af</td></tr>
</table><p>
<table width='100%' border='1' class='invocation-skipped'>
<tr><td colspan='4' align='center'><b>SKIPPED TESTS</b></td></tr>
<tr><td><b>Test method</b></td>
<td width="30%"><b>Exception</b></td>
<td width="10%"><b>Time (seconds)</b></td>
<td><b>Instance</b></td>
</tr>
<tr>
<td title='com.zohoapp.testcases.Homepagetest.VerifycontactSalesLink()'><b>VerifycontactSalesLink</b><br>Test class: com.zohoapp.testcases.Homepagetest</td>
<td></td>
<td>0</td>
<td>com.zohoapp.testcases.Homepagetest@101b7af</td></tr>
<tr>
<td title='com.zohoapp.testcases.Homepagetest.Verifyfooterlink()'><b>Verifyfooterlink</b><br>Test class: com.zohoapp.testcases.Homepagetest</td>
<td></td>
<td>0</td>
<td>com.zohoapp.testcases.Homepagetest@101b7af</td></tr>
<tr>
<td title='com.zohoapp.testcases.Homepagetest.Verifyheaderlink()'><b>Verifyheaderlink</b><br>Test class: com.zohoapp.testcases.Homepagetest</td>
<td></td>
<td>0</td>
<td>com.zohoapp.testcases.Homepagetest@101b7af</td></tr>
<tr>
<td title='com.zohoapp.testcases.Homepagetest.Verifytittle()'><b>Verifytittle</b><br>Test class: com.zohoapp.testcases.Homepagetest</td>
<td></td>
<td>0</td>
<td>com.zohoapp.testcases.Homepagetest@101b7af</td></tr>
<tr>
<td title='com.zohoapp.testcases.Homepagetest.dVerifyactivelink()'><b>dVerifyactivelink</b><br>Test class: com.zohoapp.testcases.Homepagetest</td>
<td></td>
<td>0</td>
<td>com.zohoapp.testcases.Homepagetest@101b7af</td></tr>
</table><p>
</body>
</html>