<?xml version="1.0" encoding="UTF-8"?>
<!-- Generated by org.testng.reporters.JUnitXMLReporter -->
<testsuite hostname="ASHISH-LAPTOP" name="Zoho App Functional Regression Test - FF" tests="8" failures="0" timestamp="25 Feb 2020 12:35:29 GMT" time="42.761" errors="0">
  <testcase name="@BeforeMethod Setupframework" time="0.0" classname="com.zohoapp.testcases.Homepagetest">
    <failure type="org.openqa.selenium.NoSuchWindowException" message="no such window: target window already closed
from unknown error: web view not found
  (Session info: chrome=80.0.3987.122)
Build info: version: &amp;apos;3.141.59&amp;apos;, revision: &amp;apos;e82be7d358&amp;apos;, time: &amp;apos;2018-11-14T08:17:03&amp;apos;
System info: host: &amp;apos;ASHISH-LAPTOP&amp;apos;, ip: &amp;apos;192.168.59.1&amp;apos;, os.name: &amp;apos;Windows 10&amp;apos;, os.arch: &amp;apos;x86&amp;apos;, os.version: &amp;apos;10.0&amp;apos;, java.version: &amp;apos;1.8.0_151&amp;apos;
Driver info: org.openqa.selenium.chrome.ChromeDriver
Capabilities {acceptInsecureCerts: false, browserName: chrome, browserVersion: 80.0.3987.122, chrome: {chromedriverVersion: 79.0.3945.36 (3582db32b3389..., userDataDir: C:\Users\DELL\AppData\Local...}, goog:chromeOptions: {debuggerAddress: localhost:54476}, javascriptEnabled: true, networkConnectionEnabled: false, pageLoadStrategy: normal, platform: WINDOWS, platformName: WINDOWS, proxy: Proxy(), setWindowRect: true, strictFileInteractability: false, timeouts: {implicit: 0, pageLoad: 300000, script: 30000}, unhandledPromptBehavior: dismiss and notify}
Session ID: 09fd81d355404b7b9b7b2773a77e1e95">
      <![CDATA[org.openqa.selenium.NoSuchWindowException: no such window: target window already closed
from unknown error: web view not found
  (Session info: chrome=80.0.3987.122)
Build info: version: '3.141.59', revision: 'e82be7d358', time: '2018-11-14T08:17:03'
System info: host: 'ASHISH-LAPTOP', ip: '192.168.59.1', os.name: 'Windows 10', os.arch: 'x86', os.version: '10.0', java.version: '1.8.0_151'
Driver info: org.openqa.selenium.chrome.ChromeDriver
Capabilities {acceptInsecureCerts: false, browserName: chrome, browserVersion: 80.0.3987.122, chrome: {chromedriverVersion: 79.0.3945.36 (3582db32b3389..., userDataDir: C:\Users\DELL\AppData\Local...}, goog:chromeOptions: {debuggerAddress: localhost:54476}, javascriptEnabled: true, networkConnectionEnabled: false, pageLoadStrategy: normal, platform: WINDOWS, platformName: WINDOWS, proxy: Proxy(), setWindowRect: true, strictFileInteractability: false, timeouts: {implicit: 0, pageLoad: 300000, script: 30000}, unhandledPromptBehavior: dismiss and notify}
Session ID: 09fd81d355404b7b9b7b2773a77e1e95
	at org.openqa.selenium.remote.http.W3CHttpResponseCodec.createException(W3CHttpResponseCodec.java:187)
	at org.openqa.selenium.remote.http.W3CHttpResponseCodec.decode(W3CHttpResponseCodec.java:122)
	at org.openqa.selenium.remote.http.W3CHttpResponseCodec.decode(W3CHttpResponseCodec.java:49)
	at org.openqa.selenium.remote.HttpCommandExecutor.execute(HttpCommandExecutor.java:158)
	at org.openqa.selenium.remote.service.DriverCommandExecutor.execute(DriverCommandExecutor.java:83)
	at org.openqa.selenium.remote.RemoteWebDriver.execute(RemoteWebDriver.java:552)
	at org.openqa.selenium.remote.RemoteWebDriver.get(RemoteWebDriver.java:277)
	at com.zohoapp.base.Basepage.init_driver(Basepage.java:38)
	at com.zohoapp.Basetest.BaseTest.Setupframework(BaseTest.java:19)
	at java.util.concurrent.FutureTask.run(Unknown Source)
	at java.util.concurrent.ThreadPoolExecutor.runWorker(Unknown Source)
	at java.util.concurrent.ThreadPoolExecutor$Worker.run(Unknown Source)
	at java.lang.Thread.run(Unknown Source)
... Removed 22 stack frames]]>
    </failure>
  </testcase> <!-- @BeforeMethod Setupframework -->
  <testcase name="@AfterMethod quit" time="0.0" classname="com.zohoapp.testcases.Homepagetest">
    <skipped/>
  </testcase> <!-- @AfterMethod quit -->
  <testcase name="@BeforeMethod Setupframework" time="0.0" classname="com.zohoapp.testcases.Homepagetest">
    <skipped/>
  </testcase> <!-- @BeforeMethod Setupframework -->
  <testcase name="@AfterMethod quit" time="0.0" classname="com.zohoapp.testcases.Homepagetest">
    <skipped/>
  </testcase> <!-- @AfterMethod quit -->
  <testcase name="@BeforeMethod Setupframework" time="0.0" classname="com.zohoapp.testcases.Homepagetest">
    <skipped/>
  </testcase> <!-- @BeforeMethod Setupframework -->
  <testcase name="@AfterMethod quit" time="0.0" classname="com.zohoapp.testcases.Homepagetest">
    <skipped/>
  </testcase> <!-- @AfterMethod quit -->
  <testcase name="@BeforeMethod Setupframework" time="0.0" classname="com.zohoapp.testcases.Homepagetest">
    <skipped/>
  </testcase> <!-- @BeforeMethod Setupframework -->
  <testcase name="@AfterMethod quit" time="0.0" classname="com.zohoapp.testcases.Homepagetest">
    <skipped/>
  </testcase> <!-- @AfterMethod quit -->
  <testcase name="@BeforeMethod Setupframework" time="0.0" classname="com.zohoapp.testcases.Homepagetest">
    <skipped/>
  </testcase> <!-- @BeforeMethod Setupframework -->
  <testcase name="@AfterMethod quit" time="0.0" classname="com.zohoapp.testcases.Homepagetest">
    <skipped/>
  </testcase> <!-- @AfterMethod quit -->
  <testcase name="@BeforeMethod Setupframework" time="0.0" classname="com.zohoapp.testcases.Homepagetest">
    <skipped/>
  </testcase> <!-- @BeforeMethod Setupframework -->
  <testcase name="@AfterMethod quit" time="0.0" classname="com.zohoapp.testcases.Homepagetest">
    <skipped/>
  </testcase> <!-- @AfterMethod quit -->
  <testcase name="@BeforeMethod Setupframework" time="0.0" classname="com.zohoapp.testcases.Homepagetest">
    <skipped/>
  </testcase> <!-- @BeforeMethod Setupframework -->
  <testcase name="@AfterMethod quit" time="0.0" classname="com.zohoapp.testcases.Homepagetest">
    <skipped/>
  </testcase> <!-- @AfterMethod quit -->
  <testcase name="VerfifyCustomerLink" time="0.007" classname="com.zohoapp.testcases.Homepagetest"/>
  <testcase name="VerifySupportLink" time="0.002" classname="com.zohoapp.testcases.Homepagetest">
    <skipped/>
  </testcase> <!-- VerifySupportLink -->
  <testcase name="Verifyactiveimages" time="0.003" classname="com.zohoapp.testcases.Homepagetest">
    <skipped/>
  </testcase> <!-- Verifyactiveimages -->
  <testcase name="VerifycontactSalesLink" time="0.003" classname="com.zohoapp.testcases.Homepagetest">
    <skipped/>
  </testcase> <!-- VerifycontactSalesLink -->
  <testcase name="Verifyfooterlink" time="0.002" classname="com.zohoapp.testcases.Homepagetest">
    <skipped/>
  </testcase> <!-- Verifyfooterlink -->
  <testcase name="Verifyheaderlink" time="0.003" classname="com.zohoapp.testcases.Homepagetest">
    <skipped/>
  </testcase> <!-- Verifyheaderlink -->
  <testcase name="Verifytittle" time="0.001" classname="com.zohoapp.testcases.Homepagetest">
    <skipped/>
  </testcase> <!-- Verifytittle -->
  <testcase name="dVerifyactivelink" time="0.001" classname="com.zohoapp.testcases.Homepagetest">
    <skipped/>
  </testcase> <!-- dVerifyactivelink -->
</testsuite> <!-- Zoho App Functional Regression Test - FF -->
