<?xml version="1.0" encoding="UTF-8"?>
<!-- Generated by org.testng.reporters.JUnitXMLReporter -->
<testsuite hostname="ASHISH-LAPTOP" name="Zoho App Functional Regression Test - Chrome" tests="8" failures="0" timestamp="25 Feb 2020 12:32:46 GMT" time="90.467" errors="0">
  <testcase name="@BeforeMethod Setupframework" time="0.0" classname="com.zohoapp.testcases.Homepagetest">
    <failure type="org.openqa.selenium.SessionNotCreatedException" message="session not created
from chrome not reachable
  (Session info: chrome=80.0.3987.122)
Build info: version: &amp;apos;3.141.59&amp;apos;, revision: &amp;apos;e82be7d358&amp;apos;, time: &amp;apos;2018-11-14T08:17:03&amp;apos;
System info: host: &amp;apos;ASHISH-LAPTOP&amp;apos;, ip: &amp;apos;192.168.59.1&amp;apos;, os.name: &amp;apos;Windows 10&amp;apos;, os.arch: &amp;apos;x86&amp;apos;, os.version: &amp;apos;10.0&amp;apos;, java.version: &amp;apos;1.8.0_151&amp;apos;
Driver info: driver.version: ChromeDriver
remote stacktrace: Backtrace:
	Ordinal0 [0x00A5A113+1548563]
	Ordinal0 [0x009DDDA1+1039777]
	Ordinal0 [0x0095E32E+516910]
	Ordinal0 [0x00958012+491538]
	Ordinal0 [0x009586EB+493291]
	Ordinal0 [0x00959855+497749]
	Ordinal0 [0x00955885+481413]
	Ordinal0 [0x0095F0D0+520400]
	Ordinal0 [0x0090C030+180272]
	Ordinal0 [0x0090B59D+177565]
	Ordinal0 [0x009095FB+169467]
	Ordinal0 [0x008F160A+71178]
	Ordinal0 [0x008F2690+75408]
	Ordinal0 [0x008F2629+75305]
	Ordinal0 [0x009F71B7+1143223]
	GetHandleVerifier [0x00AF2B46+507814]
	GetHandleVerifier [0x00AF2864+507076]
	GetHandleVerifier [0x00AF9F47+537511]
	GetHandleVerifier [0x00AF3402+510050]
	Ordinal0 [0x009EF29C+1110684]
	Ordinal0 [0x009F938B+1151883]
	Ordinal0 [0x009F94F3+1152243]
	Ordinal0 [0x009F83F5+1147893]
	BaseThreadInitThunk [0x75DE6359+25]
	RtlGetAppContainerNamedObjectPath [0x77B07B74+228]
	RtlGetAppContainerNamedObjectPath [0x77B07B44+180]
">
      <![CDATA[org.openqa.selenium.SessionNotCreatedException: session not created
from chrome not reachable
  (Session info: chrome=80.0.3987.122)
Build info: version: '3.141.59', revision: 'e82be7d358', time: '2018-11-14T08:17:03'
System info: host: 'ASHISH-LAPTOP', ip: '192.168.59.1', os.name: 'Windows 10', os.arch: 'x86', os.version: '10.0', java.version: '1.8.0_151'
Driver info: driver.version: ChromeDriver
remote stacktrace: Backtrace:
	Ordinal0 [0x00A5A113+1548563]
	Ordinal0 [0x009DDDA1+1039777]
	Ordinal0 [0x0095E32E+516910]
	Ordinal0 [0x00958012+491538]
	Ordinal0 [0x009586EB+493291]
	Ordinal0 [0x00959855+497749]
	Ordinal0 [0x00955885+481413]
	Ordinal0 [0x0095F0D0+520400]
	Ordinal0 [0x0090C030+180272]
	Ordinal0 [0x0090B59D+177565]
	Ordinal0 [0x009095FB+169467]
	Ordinal0 [0x008F160A+71178]
	Ordinal0 [0x008F2690+75408]
	Ordinal0 [0x008F2629+75305]
	Ordinal0 [0x009F71B7+1143223]
	GetHandleVerifier [0x00AF2B46+507814]
	GetHandleVerifier [0x00AF2864+507076]
	GetHandleVerifier [0x00AF9F47+537511]
	GetHandleVerifier [0x00AF3402+510050]
	Ordinal0 [0x009EF29C+1110684]
	Ordinal0 [0x009F938B+1151883]
	Ordinal0 [0x009F94F3+1152243]
	Ordinal0 [0x009F83F5+1147893]
	BaseThreadInitThunk [0x75DE6359+25]
	RtlGetAppContainerNamedObjectPath [0x77B07B74+228]
	RtlGetAppContainerNamedObjectPath [0x77B07B44+180]

	at org.openqa.selenium.remote.W3CHandshakeResponse.lambda$errorHandler$0(W3CHandshakeResponse.java:62)
	at org.openqa.selenium.remote.HandshakeResponse.lambda$getResponseFunction$0(HandshakeResponse.java:30)
	at org.openqa.selenium.remote.ProtocolHandshake.lambda$createSession$0(ProtocolHandshake.java:126)
	at java.util.stream.ReferencePipeline$3$1.accept(Unknown Source)
	at java.util.Spliterators$ArraySpliterator.tryAdvance(Unknown Source)
	at java.util.stream.ReferencePipeline.forEachWithCancel(Unknown Source)
	at java.util.stream.AbstractPipeline.copyIntoWithCancel(Unknown Source)
	at java.util.stream.AbstractPipeline.copyInto(Unknown Source)
	at java.util.stream.AbstractPipeline.wrapAndCopyInto(Unknown Source)
	at java.util.stream.FindOps$FindOp.evaluateSequential(Unknown Source)
	at java.util.stream.AbstractPipeline.evaluate(Unknown Source)
	at java.util.stream.ReferencePipeline.findFirst(Unknown Source)
	at org.openqa.selenium.remote.ProtocolHandshake.createSession(ProtocolHandshake.java:128)
	at org.openqa.selenium.remote.ProtocolHandshake.createSession(ProtocolHandshake.java:74)
	at org.openqa.selenium.remote.HttpCommandExecutor.execute(HttpCommandExecutor.java:136)
	at org.openqa.selenium.remote.service.DriverCommandExecutor.execute(DriverCommandExecutor.java:83)
	at org.openqa.selenium.remote.RemoteWebDriver.execute(RemoteWebDriver.java:552)
	at org.openqa.selenium.remote.RemoteWebDriver.startSession(RemoteWebDriver.java:213)
	at org.openqa.selenium.remote.RemoteWebDriver.<init>(RemoteWebDriver.java:131)
	at org.openqa.selenium.chrome.ChromeDriver.<init>(ChromeDriver.java:181)
	at org.openqa.selenium.chrome.ChromeDriver.<init>(ChromeDriver.java:168)
	at org.openqa.selenium.chrome.ChromeDriver.<init>(ChromeDriver.java:123)
	at com.zohoapp.base.Basepage.init_driver(Basepage.java:22)
	at com.zohoapp.Basetest.BaseTest.Setupframework(BaseTest.java:19)
	at java.util.concurrent.FutureTask.run(Unknown Source)
	at java.util.concurrent.ThreadPoolExecutor.runWorker(Unknown Source)
	at java.util.concurrent.ThreadPoolExecutor$Worker.run(Unknown Source)
	at java.lang.Thread.run(Unknown Source)
... Removed 22 stack frames]]>
    </failure>
  </testcase> <!-- @BeforeMethod Setupframework -->
  <testcase name="@AfterMethod quit" time="0.0" classname="com.zohoapp.testcases.Homepagetest">
    <skipped/>
  </testcase> <!-- @AfterMethod quit -->
  <testcase name="@BeforeMethod Setupframework" time="0.0" classname="com.zohoapp.testcases.Homepagetest">
    <skipped/>
  </testcase> <!-- @BeforeMethod Setupframework -->
  <testcase name="@AfterMethod quit" time="0.0" classname="com.zohoapp.testcases.Homepagetest">
    <skipped/>
  </testcase> <!-- @AfterMethod quit -->
  <testcase name="@BeforeMethod Setupframework" time="0.0" classname="com.zohoapp.testcases.Homepagetest">
    <skipped/>
  </testcase> <!-- @BeforeMethod Setupframework -->
  <testcase name="@AfterMethod quit" time="0.0" classname="com.zohoapp.testcases.Homepagetest">
    <skipped/>
  </testcase> <!-- @AfterMethod quit -->
  <testcase name="@BeforeMethod Setupframework" time="0.0" classname="com.zohoapp.testcases.Homepagetest">
    <skipped/>
  </testcase> <!-- @BeforeMethod Setupframework -->
  <testcase name="@AfterMethod quit" time="0.0" classname="com.zohoapp.testcases.Homepagetest">
    <skipped/>
  </testcase> <!-- @AfterMethod quit -->
  <testcase name="@BeforeMethod Setupframework" time="0.0" classname="com.zohoapp.testcases.Homepagetest">
    <skipped/>
  </testcase> <!-- @BeforeMethod Setupframework -->
  <testcase name="@AfterMethod quit" time="0.0" classname="com.zohoapp.testcases.Homepagetest">
    <skipped/>
  </testcase> <!-- @AfterMethod quit -->
  <testcase name="VerfifyCustomerLink" time="0.01" classname="com.zohoapp.testcases.Homepagetest"/>
  <testcase name="VerifySupportLink" time="0.003" classname="com.zohoapp.testcases.Homepagetest"/>
  <testcase name="Verifyactiveimages" time="0.002" classname="com.zohoapp.testcases.Homepagetest"/>
  <testcase name="VerifycontactSalesLink" time="0.002" classname="com.zohoapp.testcases.Homepagetest">
    <skipped/>
  </testcase> <!-- VerifycontactSalesLink -->
  <testcase name="Verifyfooterlink" time="0.002" classname="com.zohoapp.testcases.Homepagetest">
    <skipped/>
  </testcase> <!-- Verifyfooterlink -->
  <testcase name="Verifyheaderlink" time="0.004" classname="com.zohoapp.testcases.Homepagetest">
    <skipped/>
  </testcase> <!-- Verifyheaderlink -->
  <testcase name="Verifytittle" time="0.003" classname="com.zohoapp.testcases.Homepagetest">
    <skipped/>
  </testcase> <!-- Verifytittle -->
  <testcase name="dVerifyactivelink" time="0.001" classname="com.zohoapp.testcases.Homepagetest">
    <skipped/>
  </testcase> <!-- dVerifyactivelink -->
</testsuite> <!-- Zoho App Functional Regression Test - Chrome -->
