<?xml version="1.0" encoding="UTF-8"?>
<!-- Generated by org.testng.reporters.JUnitReportReporter -->
<testsuite hostname="ASHISH-LAPTOP" name="com.zohoapp.testcases.Homepagetest" tests="16" failures="0" timestamp="25 Feb 2020 12:33:15 GMT" time="148.529" errors="10">
  <testcase name="dVerifyactivelink" time="23.467" classname="com.zohoapp.testcases.Homepagetest">
    <error type="org.openqa.selenium.SessionNotCreatedException" message="session not created
from chrome not reachable
  (Session info: chrome=80.0.3987.122)
Build info: version: &#039;3.141.59&#039;, revision: &#039;e82be7d358&#039;, time: &#039;2018-11-14T08:17:03&#039;
System info: host: &#039;ASHISH-LAPTOP&#039;, ip: &#039;192.168.59.1&#039;, os.name: &#039;Windows 10&#039;, os.arch: &#039;x86&#039;, os.version: &#039;10.0&#039;, java.version: &#039;1.8.0_151&#039;
Driver info: driver.version: ChromeDriver
remote stacktrace: Backtrace:
	Ordinal0 [0x00A5A113+1548563]
	Ordinal0 [0x009DDDA1+1039777]
	Ordinal0 [0x0095E32E+516910]
	Ordinal0 [0x00958012+491538]
	Ordinal0 [0x009586EB+493291]
	Ordinal0 [0x00959855+497749]
	Ordinal0 [0x00955885+481413]
	Ordinal0 [0x0095F0D0+520400]
	Ordinal0 [0x0090C030+180272]
	Ordinal0 [0x0090B59D+177565]
	Ordinal0 [0x009095FB+169467]
	Ordinal0 [0x008F160A+71178]
	Ordinal0 [0x008F2690+75408]
	Ordinal0 [0x008F2629+75305]
	Ordinal0 [0x009F71B7+1143223]
	GetHandleVerifier [0x00AF2B46+507814]
	GetHandleVerifier [0x00AF2864+507076]
	GetHandleVerifier [0x00AF9F47+537511]
	GetHandleVerifier [0x00AF3402+510050]
	Ordinal0 [0x009EF29C+1110684]
	Ordinal0 [0x009F938B+1151883]
	Ordinal0 [0x009F94F3+1152243]
	Ordinal0 [0x009F83F5+1147893]
	BaseThreadInitThunk [0x75DE6359+25]
	RtlGetAppContainerNamedObjectPath [0x77B07B74+228]
	RtlGetAppContainerNamedObjectPath [0x77B07B44+180]
">
      <![CDATA[org.openqa.selenium.SessionNotCreatedException: session not created
from chrome not reachable
  (Session info: chrome=80.0.3987.122)
Build info: version: '3.141.59', revision: 'e82be7d358', time: '2018-11-14T08:17:03'
System info: host: 'ASHISH-LAPTOP', ip: '192.168.59.1', os.name: 'Windows 10', os.arch: 'x86', os.version: '10.0', java.version: '1.8.0_151'
Driver info: driver.version: ChromeDriver
remote stacktrace: Backtrace:
	Ordinal0 [0x00A5A113+1548563]
	Ordinal0 [0x009DDDA1+1039777]
	Ordinal0 [0x0095E32E+516910]
	Ordinal0 [0x00958012+491538]
	Ordinal0 [0x009586EB+493291]
	Ordinal0 [0x00959855+497749]
	Ordinal0 [0x00955885+481413]
	Ordinal0 [0x0095F0D0+520400]
	Ordinal0 [0x0090C030+180272]
	Ordinal0 [0x0090B59D+177565]
	Ordinal0 [0x009095FB+169467]
	Ordinal0 [0x008F160A+71178]
	Ordinal0 [0x008F2690+75408]
	Ordinal0 [0x008F2629+75305]
	Ordinal0 [0x009F71B7+1143223]
	GetHandleVerifier [0x00AF2B46+507814]
	GetHandleVerifier [0x00AF2864+507076]
	GetHandleVerifier [0x00AF9F47+537511]
	GetHandleVerifier [0x00AF3402+510050]
	Ordinal0 [0x009EF29C+1110684]
	Ordinal0 [0x009F938B+1151883]
	Ordinal0 [0x009F94F3+1152243]
	Ordinal0 [0x009F83F5+1147893]
	BaseThreadInitThunk [0x75DE6359+25]
	RtlGetAppContainerNamedObjectPath [0x77B07B74+228]
	RtlGetAppContainerNamedObjectPath [0x77B07B44+180]

	at sun.reflect.NativeConstructorAccessorImpl.newInstance0(Native Method)
	at sun.reflect.NativeConstructorAccessorImpl.newInstance(Unknown Source)
	at sun.reflect.DelegatingConstructorAccessorImpl.newInstance(Unknown Source)
	at java.lang.reflect.Constructor.newInstance(Unknown Source)
	at org.openqa.selenium.remote.W3CHandshakeResponse.lambda$errorHandler$0(W3CHandshakeResponse.java:62)
	at org.openqa.selenium.remote.HandshakeResponse.lambda$getResponseFunction$0(HandshakeResponse.java:30)
	at org.openqa.selenium.remote.ProtocolHandshake.lambda$createSession$0(ProtocolHandshake.java:126)
	at java.util.stream.ReferencePipeline$3$1.accept(Unknown Source)
	at java.util.Spliterators$ArraySpliterator.tryAdvance(Unknown Source)
	at java.util.stream.ReferencePipeline.forEachWithCancel(Unknown Source)
	at java.util.stream.AbstractPipeline.copyIntoWithCancel(Unknown Source)
	at java.util.stream.AbstractPipeline.copyInto(Unknown Source)
	at java.util.stream.AbstractPipeline.wrapAndCopyInto(Unknown Source)
	at java.util.stream.FindOps$FindOp.evaluateSequential(Unknown Source)
	at java.util.stream.AbstractPipeline.evaluate(Unknown Source)
	at java.util.stream.ReferencePipeline.findFirst(Unknown Source)
	at org.openqa.selenium.remote.ProtocolHandshake.createSession(ProtocolHandshake.java:128)
	at org.openqa.selenium.remote.ProtocolHandshake.createSession(ProtocolHandshake.java:74)
	at org.openqa.selenium.remote.HttpCommandExecutor.execute(HttpCommandExecutor.java:136)
	at org.openqa.selenium.remote.service.DriverCommandExecutor.execute(DriverCommandExecutor.java:83)
	at org.openqa.selenium.remote.RemoteWebDriver.execute(RemoteWebDriver.java:552)
	at org.openqa.selenium.remote.RemoteWebDriver.startSession(RemoteWebDriver.java:213)
	at org.openqa.selenium.remote.RemoteWebDriver.<init>(RemoteWebDriver.java:131)
	at org.openqa.selenium.chrome.ChromeDriver.<init>(ChromeDriver.java:181)
	at org.openqa.selenium.chrome.ChromeDriver.<init>(ChromeDriver.java:168)
	at org.openqa.selenium.chrome.ChromeDriver.<init>(ChromeDriver.java:123)
	at com.zohoapp.base.Basepage.init_driver(Basepage.java:22)
	at com.zohoapp.Basetest.BaseTest.Setupframework(BaseTest.java:19)
	at sun.reflect.NativeMethodAccessorImpl.invoke0(Native Method)
	at sun.reflect.NativeMethodAccessorImpl.invoke(Unknown Source)
	at sun.reflect.DelegatingMethodAccessorImpl.invoke(Unknown Source)
	at java.lang.reflect.Method.invoke(Unknown Source)
	at org.testng.internal.MethodInvocationHelper.invokeMethod(MethodInvocationHelper.java:100)
	at org.testng.internal.Invoker.invokeConfigurationMethod(Invoker.java:515)
	at org.testng.internal.Invoker.invokeConfigurations(Invoker.java:216)
	at org.testng.internal.Invoker.invokeMethod(Invoker.java:590)
	at org.testng.internal.Invoker.invokeTestMethod(Invoker.java:811)
	at org.testng.internal.Invoker.invokeTestMethods(Invoker.java:1129)
	at org.testng.internal.TestMethodWorker.invokeTestMethods(TestMethodWorker.java:129)
	at org.testng.internal.TestMethodWorker.run(TestMethodWorker.java:112)
	at org.testng.TestRunner.privateRun(TestRunner.java:746)
	at org.testng.TestRunner.run(TestRunner.java:600)
	at org.testng.SuiteRunner.runTest(SuiteRunner.java:366)
	at org.testng.SuiteRunner.access$000(SuiteRunner.java:39)
	at org.testng.SuiteRunner$SuiteWorker.run(SuiteRunner.java:400)
	at org.testng.internal.thread.ThreadUtil$2.call(ThreadUtil.java:64)
	at java.util.concurrent.FutureTask.run(Unknown Source)
	at java.util.concurrent.ThreadPoolExecutor.runWorker(Unknown Source)
	at java.util.concurrent.ThreadPoolExecutor$Worker.run(Unknown Source)
	at java.lang.Thread.run(Unknown Source)
]]>
    </error>
  </testcase> <!-- dVerifyactivelink -->
  <testcase name="Verifyfooterlink" time="24.682" classname="com.zohoapp.testcases.Homepagetest">
    <error type="org.openqa.selenium.SessionNotCreatedException" message="session not created
from chrome not reachable
  (Session info: chrome=80.0.3987.122)
Build info: version: &#039;3.141.59&#039;, revision: &#039;e82be7d358&#039;, time: &#039;2018-11-14T08:17:03&#039;
System info: host: &#039;ASHISH-LAPTOP&#039;, ip: &#039;192.168.59.1&#039;, os.name: &#039;Windows 10&#039;, os.arch: &#039;x86&#039;, os.version: &#039;10.0&#039;, java.version: &#039;1.8.0_151&#039;
Driver info: driver.version: ChromeDriver
remote stacktrace: Backtrace:
	Ordinal0 [0x00A5A113+1548563]
	Ordinal0 [0x009DDDA1+1039777]
	Ordinal0 [0x0095E32E+516910]
	Ordinal0 [0x00958012+491538]
	Ordinal0 [0x009586EB+493291]
	Ordinal0 [0x00959855+497749]
	Ordinal0 [0x00955885+481413]
	Ordinal0 [0x0095F0D0+520400]
	Ordinal0 [0x0090C030+180272]
	Ordinal0 [0x0090B59D+177565]
	Ordinal0 [0x009095FB+169467]
	Ordinal0 [0x008F160A+71178]
	Ordinal0 [0x008F2690+75408]
	Ordinal0 [0x008F2629+75305]
	Ordinal0 [0x009F71B7+1143223]
	GetHandleVerifier [0x00AF2B46+507814]
	GetHandleVerifier [0x00AF2864+507076]
	GetHandleVerifier [0x00AF9F47+537511]
	GetHandleVerifier [0x00AF3402+510050]
	Ordinal0 [0x009EF29C+1110684]
	Ordinal0 [0x009F938B+1151883]
	Ordinal0 [0x009F94F3+1152243]
	Ordinal0 [0x009F83F5+1147893]
	BaseThreadInitThunk [0x75DE6359+25]
	RtlGetAppContainerNamedObjectPath [0x77B07B74+228]
	RtlGetAppContainerNamedObjectPath [0x77B07B44+180]
">
      <![CDATA[org.openqa.selenium.SessionNotCreatedException: session not created
from chrome not reachable
  (Session info: chrome=80.0.3987.122)
Build info: version: '3.141.59', revision: 'e82be7d358', time: '2018-11-14T08:17:03'
System info: host: 'ASHISH-LAPTOP', ip: '192.168.59.1', os.name: 'Windows 10', os.arch: 'x86', os.version: '10.0', java.version: '1.8.0_151'
Driver info: driver.version: ChromeDriver
remote stacktrace: Backtrace:
	Ordinal0 [0x00A5A113+1548563]
	Ordinal0 [0x009DDDA1+1039777]
	Ordinal0 [0x0095E32E+516910]
	Ordinal0 [0x00958012+491538]
	Ordinal0 [0x009586EB+493291]
	Ordinal0 [0x00959855+497749]
	Ordinal0 [0x00955885+481413]
	Ordinal0 [0x0095F0D0+520400]
	Ordinal0 [0x0090C030+180272]
	Ordinal0 [0x0090B59D+177565]
	Ordinal0 [0x009095FB+169467]
	Ordinal0 [0x008F160A+71178]
	Ordinal0 [0x008F2690+75408]
	Ordinal0 [0x008F2629+75305]
	Ordinal0 [0x009F71B7+1143223]
	GetHandleVerifier [0x00AF2B46+507814]
	GetHandleVerifier [0x00AF2864+507076]
	GetHandleVerifier [0x00AF9F47+537511]
	GetHandleVerifier [0x00AF3402+510050]
	Ordinal0 [0x009EF29C+1110684]
	Ordinal0 [0x009F938B+1151883]
	Ordinal0 [0x009F94F3+1152243]
	Ordinal0 [0x009F83F5+1147893]
	BaseThreadInitThunk [0x75DE6359+25]
	RtlGetAppContainerNamedObjectPath [0x77B07B74+228]
	RtlGetAppContainerNamedObjectPath [0x77B07B44+180]

	at sun.reflect.NativeConstructorAccessorImpl.newInstance0(Native Method)
	at sun.reflect.NativeConstructorAccessorImpl.newInstance(Unknown Source)
	at sun.reflect.DelegatingConstructorAccessorImpl.newInstance(Unknown Source)
	at java.lang.reflect.Constructor.newInstance(Unknown Source)
	at org.openqa.selenium.remote.W3CHandshakeResponse.lambda$errorHandler$0(W3CHandshakeResponse.java:62)
	at org.openqa.selenium.remote.HandshakeResponse.lambda$getResponseFunction$0(HandshakeResponse.java:30)
	at org.openqa.selenium.remote.ProtocolHandshake.lambda$createSession$0(ProtocolHandshake.java:126)
	at java.util.stream.ReferencePipeline$3$1.accept(Unknown Source)
	at java.util.Spliterators$ArraySpliterator.tryAdvance(Unknown Source)
	at java.util.stream.ReferencePipeline.forEachWithCancel(Unknown Source)
	at java.util.stream.AbstractPipeline.copyIntoWithCancel(Unknown Source)
	at java.util.stream.AbstractPipeline.copyInto(Unknown Source)
	at java.util.stream.AbstractPipeline.wrapAndCopyInto(Unknown Source)
	at java.util.stream.FindOps$FindOp.evaluateSequential(Unknown Source)
	at java.util.stream.AbstractPipeline.evaluate(Unknown Source)
	at java.util.stream.ReferencePipeline.findFirst(Unknown Source)
	at org.openqa.selenium.remote.ProtocolHandshake.createSession(ProtocolHandshake.java:128)
	at org.openqa.selenium.remote.ProtocolHandshake.createSession(ProtocolHandshake.java:74)
	at org.openqa.selenium.remote.HttpCommandExecutor.execute(HttpCommandExecutor.java:136)
	at org.openqa.selenium.remote.service.DriverCommandExecutor.execute(DriverCommandExecutor.java:83)
	at org.openqa.selenium.remote.RemoteWebDriver.execute(RemoteWebDriver.java:552)
	at org.openqa.selenium.remote.RemoteWebDriver.startSession(RemoteWebDriver.java:213)
	at org.openqa.selenium.remote.RemoteWebDriver.<init>(RemoteWebDriver.java:131)
	at org.openqa.selenium.chrome.ChromeDriver.<init>(ChromeDriver.java:181)
	at org.openqa.selenium.chrome.ChromeDriver.<init>(ChromeDriver.java:168)
	at org.openqa.selenium.chrome.ChromeDriver.<init>(ChromeDriver.java:123)
	at com.zohoapp.base.Basepage.init_driver(Basepage.java:22)
	at com.zohoapp.Basetest.BaseTest.Setupframework(BaseTest.java:19)
	at sun.reflect.NativeMethodAccessorImpl.invoke0(Native Method)
	at sun.reflect.NativeMethodAccessorImpl.invoke(Unknown Source)
	at sun.reflect.DelegatingMethodAccessorImpl.invoke(Unknown Source)
	at java.lang.reflect.Method.invoke(Unknown Source)
	at org.testng.internal.MethodInvocationHelper.invokeMethod(MethodInvocationHelper.java:100)
	at org.testng.internal.Invoker.invokeConfigurationMethod(Invoker.java:515)
	at org.testng.internal.Invoker.invokeConfigurations(Invoker.java:216)
	at org.testng.internal.Invoker.invokeMethod(Invoker.java:590)
	at org.testng.internal.Invoker.invokeTestMethod(Invoker.java:811)
	at org.testng.internal.Invoker.invokeTestMethods(Invoker.java:1129)
	at org.testng.internal.TestMethodWorker.invokeTestMethods(TestMethodWorker.java:129)
	at org.testng.internal.TestMethodWorker.run(TestMethodWorker.java:112)
	at org.testng.TestRunner.privateRun(TestRunner.java:746)
	at org.testng.TestRunner.run(TestRunner.java:600)
	at org.testng.SuiteRunner.runTest(SuiteRunner.java:366)
	at org.testng.SuiteRunner.access$000(SuiteRunner.java:39)
	at org.testng.SuiteRunner$SuiteWorker.run(SuiteRunner.java:400)
	at org.testng.internal.thread.ThreadUtil$2.call(ThreadUtil.java:64)
	at java.util.concurrent.FutureTask.run(Unknown Source)
	at java.util.concurrent.ThreadPoolExecutor.runWorker(Unknown Source)
	at java.util.concurrent.ThreadPoolExecutor$Worker.run(Unknown Source)
	at java.lang.Thread.run(Unknown Source)
]]>
    </error>
  </testcase> <!-- Verifyfooterlink -->
  <testcase name="dVerifyactivelink" time="28.045" classname="com.zohoapp.testcases.Homepagetest">
    <error type="org.openqa.selenium.SessionNotCreatedException" message="session not created
from chrome not reachable
  (Session info: chrome=80.0.3987.122)
Build info: version: &#039;3.141.59&#039;, revision: &#039;e82be7d358&#039;, time: &#039;2018-11-14T08:17:03&#039;
System info: host: &#039;ASHISH-LAPTOP&#039;, ip: &#039;192.168.59.1&#039;, os.name: &#039;Windows 10&#039;, os.arch: &#039;x86&#039;, os.version: &#039;10.0&#039;, java.version: &#039;1.8.0_151&#039;
Driver info: driver.version: ChromeDriver
remote stacktrace: Backtrace:
	Ordinal0 [0x00A5A113+1548563]
	Ordinal0 [0x009DDDA1+1039777]
	Ordinal0 [0x0095E32E+516910]
	Ordinal0 [0x00958012+491538]
	Ordinal0 [0x009586EB+493291]
	Ordinal0 [0x00959855+497749]
	Ordinal0 [0x00955885+481413]
	Ordinal0 [0x0095F0D0+520400]
	Ordinal0 [0x0090C030+180272]
	Ordinal0 [0x0090B59D+177565]
	Ordinal0 [0x009095FB+169467]
	Ordinal0 [0x008F160A+71178]
	Ordinal0 [0x008F2690+75408]
	Ordinal0 [0x008F2629+75305]
	Ordinal0 [0x009F71B7+1143223]
	GetHandleVerifier [0x00AF2B46+507814]
	GetHandleVerifier [0x00AF2864+507076]
	GetHandleVerifier [0x00AF9F47+537511]
	GetHandleVerifier [0x00AF3402+510050]
	Ordinal0 [0x009EF29C+1110684]
	Ordinal0 [0x009F938B+1151883]
	Ordinal0 [0x009F94F3+1152243]
	Ordinal0 [0x009F83F5+1147893]
	BaseThreadInitThunk [0x75DE6359+25]
	RtlGetAppContainerNamedObjectPath [0x77B07B74+228]
	RtlGetAppContainerNamedObjectPath [0x77B07B44+180]
">
      <![CDATA[org.openqa.selenium.SessionNotCreatedException: session not created
from chrome not reachable
  (Session info: chrome=80.0.3987.122)
Build info: version: '3.141.59', revision: 'e82be7d358', time: '2018-11-14T08:17:03'
System info: host: 'ASHISH-LAPTOP', ip: '192.168.59.1', os.name: 'Windows 10', os.arch: 'x86', os.version: '10.0', java.version: '1.8.0_151'
Driver info: driver.version: ChromeDriver
remote stacktrace: Backtrace:
	Ordinal0 [0x00A5A113+1548563]
	Ordinal0 [0x009DDDA1+1039777]
	Ordinal0 [0x0095E32E+516910]
	Ordinal0 [0x00958012+491538]
	Ordinal0 [0x009586EB+493291]
	Ordinal0 [0x00959855+497749]
	Ordinal0 [0x00955885+481413]
	Ordinal0 [0x0095F0D0+520400]
	Ordinal0 [0x0090C030+180272]
	Ordinal0 [0x0090B59D+177565]
	Ordinal0 [0x009095FB+169467]
	Ordinal0 [0x008F160A+71178]
	Ordinal0 [0x008F2690+75408]
	Ordinal0 [0x008F2629+75305]
	Ordinal0 [0x009F71B7+1143223]
	GetHandleVerifier [0x00AF2B46+507814]
	GetHandleVerifier [0x00AF2864+507076]
	GetHandleVerifier [0x00AF9F47+537511]
	GetHandleVerifier [0x00AF3402+510050]
	Ordinal0 [0x009EF29C+1110684]
	Ordinal0 [0x009F938B+1151883]
	Ordinal0 [0x009F94F3+1152243]
	Ordinal0 [0x009F83F5+1147893]
	BaseThreadInitThunk [0x75DE6359+25]
	RtlGetAppContainerNamedObjectPath [0x77B07B74+228]
	RtlGetAppContainerNamedObjectPath [0x77B07B44+180]

	at sun.reflect.NativeConstructorAccessorImpl.newInstance0(Native Method)
	at sun.reflect.NativeConstructorAccessorImpl.newInstance(Unknown Source)
	at sun.reflect.DelegatingConstructorAccessorImpl.newInstance(Unknown Source)
	at java.lang.reflect.Constructor.newInstance(Unknown Source)
	at org.openqa.selenium.remote.W3CHandshakeResponse.lambda$errorHandler$0(W3CHandshakeResponse.java:62)
	at org.openqa.selenium.remote.HandshakeResponse.lambda$getResponseFunction$0(HandshakeResponse.java:30)
	at org.openqa.selenium.remote.ProtocolHandshake.lambda$createSession$0(ProtocolHandshake.java:126)
	at java.util.stream.ReferencePipeline$3$1.accept(Unknown Source)
	at java.util.Spliterators$ArraySpliterator.tryAdvance(Unknown Source)
	at java.util.stream.ReferencePipeline.forEachWithCancel(Unknown Source)
	at java.util.stream.AbstractPipeline.copyIntoWithCancel(Unknown Source)
	at java.util.stream.AbstractPipeline.copyInto(Unknown Source)
	at java.util.stream.AbstractPipeline.wrapAndCopyInto(Unknown Source)
	at java.util.stream.FindOps$FindOp.evaluateSequential(Unknown Source)
	at java.util.stream.AbstractPipeline.evaluate(Unknown Source)
	at java.util.stream.ReferencePipeline.findFirst(Unknown Source)
	at org.openqa.selenium.remote.ProtocolHandshake.createSession(ProtocolHandshake.java:128)
	at org.openqa.selenium.remote.ProtocolHandshake.createSession(ProtocolHandshake.java:74)
	at org.openqa.selenium.remote.HttpCommandExecutor.execute(HttpCommandExecutor.java:136)
	at org.openqa.selenium.remote.service.DriverCommandExecutor.execute(DriverCommandExecutor.java:83)
	at org.openqa.selenium.remote.RemoteWebDriver.execute(RemoteWebDriver.java:552)
	at org.openqa.selenium.remote.RemoteWebDriver.startSession(RemoteWebDriver.java:213)
	at org.openqa.selenium.remote.RemoteWebDriver.<init>(RemoteWebDriver.java:131)
	at org.openqa.selenium.chrome.ChromeDriver.<init>(ChromeDriver.java:181)
	at org.openqa.selenium.chrome.ChromeDriver.<init>(ChromeDriver.java:168)
	at org.openqa.selenium.chrome.ChromeDriver.<init>(ChromeDriver.java:123)
	at com.zohoapp.base.Basepage.init_driver(Basepage.java:22)
	at com.zohoapp.Basetest.BaseTest.Setupframework(BaseTest.java:19)
	at sun.reflect.NativeMethodAccessorImpl.invoke0(Native Method)
	at sun.reflect.NativeMethodAccessorImpl.invoke(Unknown Source)
	at sun.reflect.DelegatingMethodAccessorImpl.invoke(Unknown Source)
	at java.lang.reflect.Method.invoke(Unknown Source)
	at org.testng.internal.MethodInvocationHelper.invokeMethod(MethodInvocationHelper.java:100)
	at org.testng.internal.Invoker.invokeConfigurationMethod(Invoker.java:515)
	at org.testng.internal.Invoker.invokeConfigurations(Invoker.java:216)
	at org.testng.internal.Invoker.invokeMethod(Invoker.java:590)
	at org.testng.internal.Invoker.invokeTestMethod(Invoker.java:811)
	at org.testng.internal.Invoker.invokeTestMethods(Invoker.java:1129)
	at org.testng.internal.TestMethodWorker.invokeTestMethods(TestMethodWorker.java:129)
	at org.testng.internal.TestMethodWorker.run(TestMethodWorker.java:112)
	at org.testng.TestRunner.privateRun(TestRunner.java:746)
	at org.testng.TestRunner.run(TestRunner.java:600)
	at org.testng.SuiteRunner.runTest(SuiteRunner.java:366)
	at org.testng.SuiteRunner.access$000(SuiteRunner.java:39)
	at org.testng.SuiteRunner$SuiteWorker.run(SuiteRunner.java:400)
	at org.testng.internal.thread.ThreadUtil$2.call(ThreadUtil.java:64)
	at java.util.concurrent.FutureTask.run(Unknown Source)
	at java.util.concurrent.ThreadPoolExecutor.runWorker(Unknown Source)
	at java.util.concurrent.ThreadPoolExecutor$Worker.run(Unknown Source)
	at java.lang.Thread.run(Unknown Source)
]]>
    </error>
  </testcase> <!-- dVerifyactivelink -->
  <testcase name="Verifytittle" time="23.887" classname="com.zohoapp.testcases.Homepagetest">
    <error type="org.openqa.selenium.SessionNotCreatedException" message="session not created
from chrome not reachable
  (Session info: chrome=80.0.3987.122)
Build info: version: &#039;3.141.59&#039;, revision: &#039;e82be7d358&#039;, time: &#039;2018-11-14T08:17:03&#039;
System info: host: &#039;ASHISH-LAPTOP&#039;, ip: &#039;192.168.59.1&#039;, os.name: &#039;Windows 10&#039;, os.arch: &#039;x86&#039;, os.version: &#039;10.0&#039;, java.version: &#039;1.8.0_151&#039;
Driver info: driver.version: ChromeDriver
remote stacktrace: Backtrace:
	Ordinal0 [0x00A5A113+1548563]
	Ordinal0 [0x009DDDA1+1039777]
	Ordinal0 [0x0095E32E+516910]
	Ordinal0 [0x00958012+491538]
	Ordinal0 [0x009586EB+493291]
	Ordinal0 [0x00959855+497749]
	Ordinal0 [0x00955885+481413]
	Ordinal0 [0x0095F0D0+520400]
	Ordinal0 [0x0090C030+180272]
	Ordinal0 [0x0090B59D+177565]
	Ordinal0 [0x009095FB+169467]
	Ordinal0 [0x008F160A+71178]
	Ordinal0 [0x008F2690+75408]
	Ordinal0 [0x008F2629+75305]
	Ordinal0 [0x009F71B7+1143223]
	GetHandleVerifier [0x00AF2B46+507814]
	GetHandleVerifier [0x00AF2864+507076]
	GetHandleVerifier [0x00AF9F47+537511]
	GetHandleVerifier [0x00AF3402+510050]
	Ordinal0 [0x009EF29C+1110684]
	Ordinal0 [0x009F938B+1151883]
	Ordinal0 [0x009F94F3+1152243]
	Ordinal0 [0x009F83F5+1147893]
	BaseThreadInitThunk [0x75DE6359+25]
	RtlGetAppContainerNamedObjectPath [0x77B07B74+228]
	RtlGetAppContainerNamedObjectPath [0x77B07B44+180]
">
      <![CDATA[org.openqa.selenium.SessionNotCreatedException: session not created
from chrome not reachable
  (Session info: chrome=80.0.3987.122)
Build info: version: '3.141.59', revision: 'e82be7d358', time: '2018-11-14T08:17:03'
System info: host: 'ASHISH-LAPTOP', ip: '192.168.59.1', os.name: 'Windows 10', os.arch: 'x86', os.version: '10.0', java.version: '1.8.0_151'
Driver info: driver.version: ChromeDriver
remote stacktrace: Backtrace:
	Ordinal0 [0x00A5A113+1548563]
	Ordinal0 [0x009DDDA1+1039777]
	Ordinal0 [0x0095E32E+516910]
	Ordinal0 [0x00958012+491538]
	Ordinal0 [0x009586EB+493291]
	Ordinal0 [0x00959855+497749]
	Ordinal0 [0x00955885+481413]
	Ordinal0 [0x0095F0D0+520400]
	Ordinal0 [0x0090C030+180272]
	Ordinal0 [0x0090B59D+177565]
	Ordinal0 [0x009095FB+169467]
	Ordinal0 [0x008F160A+71178]
	Ordinal0 [0x008F2690+75408]
	Ordinal0 [0x008F2629+75305]
	Ordinal0 [0x009F71B7+1143223]
	GetHandleVerifier [0x00AF2B46+507814]
	GetHandleVerifier [0x00AF2864+507076]
	GetHandleVerifier [0x00AF9F47+537511]
	GetHandleVerifier [0x00AF3402+510050]
	Ordinal0 [0x009EF29C+1110684]
	Ordinal0 [0x009F938B+1151883]
	Ordinal0 [0x009F94F3+1152243]
	Ordinal0 [0x009F83F5+1147893]
	BaseThreadInitThunk [0x75DE6359+25]
	RtlGetAppContainerNamedObjectPath [0x77B07B74+228]
	RtlGetAppContainerNamedObjectPath [0x77B07B44+180]

	at sun.reflect.NativeConstructorAccessorImpl.newInstance0(Native Method)
	at sun.reflect.NativeConstructorAccessorImpl.newInstance(Unknown Source)
	at sun.reflect.DelegatingConstructorAccessorImpl.newInstance(Unknown Source)
	at java.lang.reflect.Constructor.newInstance(Unknown Source)
	at org.openqa.selenium.remote.W3CHandshakeResponse.lambda$errorHandler$0(W3CHandshakeResponse.java:62)
	at org.openqa.selenium.remote.HandshakeResponse.lambda$getResponseFunction$0(HandshakeResponse.java:30)
	at org.openqa.selenium.remote.ProtocolHandshake.lambda$createSession$0(ProtocolHandshake.java:126)
	at java.util.stream.ReferencePipeline$3$1.accept(Unknown Source)
	at java.util.Spliterators$ArraySpliterator.tryAdvance(Unknown Source)
	at java.util.stream.ReferencePipeline.forEachWithCancel(Unknown Source)
	at java.util.stream.AbstractPipeline.copyIntoWithCancel(Unknown Source)
	at java.util.stream.AbstractPipeline.copyInto(Unknown Source)
	at java.util.stream.AbstractPipeline.wrapAndCopyInto(Unknown Source)
	at java.util.stream.FindOps$FindOp.evaluateSequential(Unknown Source)
	at java.util.stream.AbstractPipeline.evaluate(Unknown Source)
	at java.util.stream.ReferencePipeline.findFirst(Unknown Source)
	at org.openqa.selenium.remote.ProtocolHandshake.createSession(ProtocolHandshake.java:128)
	at org.openqa.selenium.remote.ProtocolHandshake.createSession(ProtocolHandshake.java:74)
	at org.openqa.selenium.remote.HttpCommandExecutor.execute(HttpCommandExecutor.java:136)
	at org.openqa.selenium.remote.service.DriverCommandExecutor.execute(DriverCommandExecutor.java:83)
	at org.openqa.selenium.remote.RemoteWebDriver.execute(RemoteWebDriver.java:552)
	at org.openqa.selenium.remote.RemoteWebDriver.startSession(RemoteWebDriver.java:213)
	at org.openqa.selenium.remote.RemoteWebDriver.<init>(RemoteWebDriver.java:131)
	at org.openqa.selenium.chrome.ChromeDriver.<init>(ChromeDriver.java:181)
	at org.openqa.selenium.chrome.ChromeDriver.<init>(ChromeDriver.java:168)
	at org.openqa.selenium.chrome.ChromeDriver.<init>(ChromeDriver.java:123)
	at com.zohoapp.base.Basepage.init_driver(Basepage.java:22)
	at com.zohoapp.Basetest.BaseTest.Setupframework(BaseTest.java:19)
	at sun.reflect.NativeMethodAccessorImpl.invoke0(Native Method)
	at sun.reflect.NativeMethodAccessorImpl.invoke(Unknown Source)
	at sun.reflect.DelegatingMethodAccessorImpl.invoke(Unknown Source)
	at java.lang.reflect.Method.invoke(Unknown Source)
	at org.testng.internal.MethodInvocationHelper.invokeMethod(MethodInvocationHelper.java:100)
	at org.testng.internal.Invoker.invokeConfigurationMethod(Invoker.java:515)
	at org.testng.internal.Invoker.invokeConfigurations(Invoker.java:216)
	at org.testng.internal.Invoker.invokeMethod(Invoker.java:590)
	at org.testng.internal.Invoker.invokeTestMethod(Invoker.java:811)
	at org.testng.internal.Invoker.invokeTestMethods(Invoker.java:1129)
	at org.testng.internal.TestMethodWorker.invokeTestMethods(TestMethodWorker.java:129)
	at org.testng.internal.TestMethodWorker.run(TestMethodWorker.java:112)
	at org.testng.TestRunner.privateRun(TestRunner.java:746)
	at org.testng.TestRunner.run(TestRunner.java:600)
	at org.testng.SuiteRunner.runTest(SuiteRunner.java:366)
	at org.testng.SuiteRunner.access$000(SuiteRunner.java:39)
	at org.testng.SuiteRunner$SuiteWorker.run(SuiteRunner.java:400)
	at org.testng.internal.thread.ThreadUtil$2.call(ThreadUtil.java:64)
	at java.util.concurrent.FutureTask.run(Unknown Source)
	at java.util.concurrent.ThreadPoolExecutor.runWorker(Unknown Source)
	at java.util.concurrent.ThreadPoolExecutor$Worker.run(Unknown Source)
	at java.lang.Thread.run(Unknown Source)
]]>
    </error>
  </testcase> <!-- Verifytittle -->
  <testcase name="Verifyactiveimages" time="22.317" classname="com.zohoapp.testcases.Homepagetest"/>
  <testcase name="VerifySupportLink" time="0.002" classname="com.zohoapp.testcases.Homepagetest"/>
  <testcase name="VerifycontactSalesLink" time="0.003" classname="com.zohoapp.testcases.Homepagetest">
    <error type="org.openqa.selenium.SessionNotCreatedException" message="session not created
from chrome not reachable
  (Session info: chrome=80.0.3987.122)
Build info: version: &#039;3.141.59&#039;, revision: &#039;e82be7d358&#039;, time: &#039;2018-11-14T08:17:03&#039;
System info: host: &#039;ASHISH-LAPTOP&#039;, ip: &#039;192.168.59.1&#039;, os.name: &#039;Windows 10&#039;, os.arch: &#039;x86&#039;, os.version: &#039;10.0&#039;, java.version: &#039;1.8.0_151&#039;
Driver info: driver.version: ChromeDriver
remote stacktrace: Backtrace:
	Ordinal0 [0x00A5A113+1548563]
	Ordinal0 [0x009DDDA1+1039777]
	Ordinal0 [0x0095E32E+516910]
	Ordinal0 [0x00958012+491538]
	Ordinal0 [0x009586EB+493291]
	Ordinal0 [0x00959855+497749]
	Ordinal0 [0x00955885+481413]
	Ordinal0 [0x0095F0D0+520400]
	Ordinal0 [0x0090C030+180272]
	Ordinal0 [0x0090B59D+177565]
	Ordinal0 [0x009095FB+169467]
	Ordinal0 [0x008F160A+71178]
	Ordinal0 [0x008F2690+75408]
	Ordinal0 [0x008F2629+75305]
	Ordinal0 [0x009F71B7+1143223]
	GetHandleVerifier [0x00AF2B46+507814]
	GetHandleVerifier [0x00AF2864+507076]
	GetHandleVerifier [0x00AF9F47+537511]
	GetHandleVerifier [0x00AF3402+510050]
	Ordinal0 [0x009EF29C+1110684]
	Ordinal0 [0x009F938B+1151883]
	Ordinal0 [0x009F94F3+1152243]
	Ordinal0 [0x009F83F5+1147893]
	BaseThreadInitThunk [0x75DE6359+25]
	RtlGetAppContainerNamedObjectPath [0x77B07B74+228]
	RtlGetAppContainerNamedObjectPath [0x77B07B44+180]
">
      <![CDATA[org.openqa.selenium.SessionNotCreatedException: session not created
from chrome not reachable
  (Session info: chrome=80.0.3987.122)
Build info: version: '3.141.59', revision: 'e82be7d358', time: '2018-11-14T08:17:03'
System info: host: 'ASHISH-LAPTOP', ip: '192.168.59.1', os.name: 'Windows 10', os.arch: 'x86', os.version: '10.0', java.version: '1.8.0_151'
Driver info: driver.version: ChromeDriver
remote stacktrace: Backtrace:
	Ordinal0 [0x00A5A113+1548563]
	Ordinal0 [0x009DDDA1+1039777]
	Ordinal0 [0x0095E32E+516910]
	Ordinal0 [0x00958012+491538]
	Ordinal0 [0x009586EB+493291]
	Ordinal0 [0x00959855+497749]
	Ordinal0 [0x00955885+481413]
	Ordinal0 [0x0095F0D0+520400]
	Ordinal0 [0x0090C030+180272]
	Ordinal0 [0x0090B59D+177565]
	Ordinal0 [0x009095FB+169467]
	Ordinal0 [0x008F160A+71178]
	Ordinal0 [0x008F2690+75408]
	Ordinal0 [0x008F2629+75305]
	Ordinal0 [0x009F71B7+1143223]
	GetHandleVerifier [0x00AF2B46+507814]
	GetHandleVerifier [0x00AF2864+507076]
	GetHandleVerifier [0x00AF9F47+537511]
	GetHandleVerifier [0x00AF3402+510050]
	Ordinal0 [0x009EF29C+1110684]
	Ordinal0 [0x009F938B+1151883]
	Ordinal0 [0x009F94F3+1152243]
	Ordinal0 [0x009F83F5+1147893]
	BaseThreadInitThunk [0x75DE6359+25]
	RtlGetAppContainerNamedObjectPath [0x77B07B74+228]
	RtlGetAppContainerNamedObjectPath [0x77B07B44+180]

	at sun.reflect.NativeConstructorAccessorImpl.newInstance0(Native Method)
	at sun.reflect.NativeConstructorAccessorImpl.newInstance(Unknown Source)
	at sun.reflect.DelegatingConstructorAccessorImpl.newInstance(Unknown Source)
	at java.lang.reflect.Constructor.newInstance(Unknown Source)
	at org.openqa.selenium.remote.W3CHandshakeResponse.lambda$errorHandler$0(W3CHandshakeResponse.java:62)
	at org.openqa.selenium.remote.HandshakeResponse.lambda$getResponseFunction$0(HandshakeResponse.java:30)
	at org.openqa.selenium.remote.ProtocolHandshake.lambda$createSession$0(ProtocolHandshake.java:126)
	at java.util.stream.ReferencePipeline$3$1.accept(Unknown Source)
	at java.util.Spliterators$ArraySpliterator.tryAdvance(Unknown Source)
	at java.util.stream.ReferencePipeline.forEachWithCancel(Unknown Source)
	at java.util.stream.AbstractPipeline.copyIntoWithCancel(Unknown Source)
	at java.util.stream.AbstractPipeline.copyInto(Unknown Source)
	at java.util.stream.AbstractPipeline.wrapAndCopyInto(Unknown Source)
	at java.util.stream.FindOps$FindOp.evaluateSequential(Unknown Source)
	at java.util.stream.AbstractPipeline.evaluate(Unknown Source)
	at java.util.stream.ReferencePipeline.findFirst(Unknown Source)
	at org.openqa.selenium.remote.ProtocolHandshake.createSession(ProtocolHandshake.java:128)
	at org.openqa.selenium.remote.ProtocolHandshake.createSession(ProtocolHandshake.java:74)
	at org.openqa.selenium.remote.HttpCommandExecutor.execute(HttpCommandExecutor.java:136)
	at org.openqa.selenium.remote.service.DriverCommandExecutor.execute(DriverCommandExecutor.java:83)
	at org.openqa.selenium.remote.RemoteWebDriver.execute(RemoteWebDriver.java:552)
	at org.openqa.selenium.remote.RemoteWebDriver.startSession(RemoteWebDriver.java:213)
	at org.openqa.selenium.remote.RemoteWebDriver.<init>(RemoteWebDriver.java:131)
	at org.openqa.selenium.chrome.ChromeDriver.<init>(ChromeDriver.java:181)
	at org.openqa.selenium.chrome.ChromeDriver.<init>(ChromeDriver.java:168)
	at org.openqa.selenium.chrome.ChromeDriver.<init>(ChromeDriver.java:123)
	at com.zohoapp.base.Basepage.init_driver(Basepage.java:22)
	at com.zohoapp.Basetest.BaseTest.Setupframework(BaseTest.java:19)
	at sun.reflect.NativeMethodAccessorImpl.invoke0(Native Method)
	at sun.reflect.NativeMethodAccessorImpl.invoke(Unknown Source)
	at sun.reflect.DelegatingMethodAccessorImpl.invoke(Unknown Source)
	at java.lang.reflect.Method.invoke(Unknown Source)
	at org.testng.internal.MethodInvocationHelper.invokeMethod(MethodInvocationHelper.java:100)
	at org.testng.internal.Invoker.invokeConfigurationMethod(Invoker.java:515)
	at org.testng.internal.Invoker.invokeConfigurations(Invoker.java:216)
	at org.testng.internal.Invoker.invokeMethod(Invoker.java:590)
	at org.testng.internal.Invoker.invokeTestMethod(Invoker.java:811)
	at org.testng.internal.Invoker.invokeTestMethods(Invoker.java:1129)
	at org.testng.internal.TestMethodWorker.invokeTestMethods(TestMethodWorker.java:129)
	at org.testng.internal.TestMethodWorker.run(TestMethodWorker.java:112)
	at org.testng.TestRunner.privateRun(TestRunner.java:746)
	at org.testng.TestRunner.run(TestRunner.java:600)
	at org.testng.SuiteRunner.runTest(SuiteRunner.java:366)
	at org.testng.SuiteRunner.access$000(SuiteRunner.java:39)
	at org.testng.SuiteRunner$SuiteWorker.run(SuiteRunner.java:400)
	at org.testng.internal.thread.ThreadUtil$2.call(ThreadUtil.java:64)
	at java.util.concurrent.FutureTask.run(Unknown Source)
	at java.util.concurrent.ThreadPoolExecutor.runWorker(Unknown Source)
	at java.util.concurrent.ThreadPoolExecutor$Worker.run(Unknown Source)
	at java.lang.Thread.run(Unknown Source)
]]>
    </error>
  </testcase> <!-- VerifycontactSalesLink -->
  <testcase name="VerfifyCustomerLink" time="0.004" classname="com.zohoapp.testcases.Homepagetest"/>
  <testcase name="VerifycontactSalesLink" time="26.098" classname="com.zohoapp.testcases.Homepagetest">
    <error type="org.openqa.selenium.SessionNotCreatedException" message="session not created
from chrome not reachable
  (Session info: chrome=80.0.3987.122)
Build info: version: &#039;3.141.59&#039;, revision: &#039;e82be7d358&#039;, time: &#039;2018-11-14T08:17:03&#039;
System info: host: &#039;ASHISH-LAPTOP&#039;, ip: &#039;192.168.59.1&#039;, os.name: &#039;Windows 10&#039;, os.arch: &#039;x86&#039;, os.version: &#039;10.0&#039;, java.version: &#039;1.8.0_151&#039;
Driver info: driver.version: ChromeDriver
remote stacktrace: Backtrace:
	Ordinal0 [0x00A5A113+1548563]
	Ordinal0 [0x009DDDA1+1039777]
	Ordinal0 [0x0095E32E+516910]
	Ordinal0 [0x00958012+491538]
	Ordinal0 [0x009586EB+493291]
	Ordinal0 [0x00959855+497749]
	Ordinal0 [0x00955885+481413]
	Ordinal0 [0x0095F0D0+520400]
	Ordinal0 [0x0090C030+180272]
	Ordinal0 [0x0090B59D+177565]
	Ordinal0 [0x009095FB+169467]
	Ordinal0 [0x008F160A+71178]
	Ordinal0 [0x008F2690+75408]
	Ordinal0 [0x008F2629+75305]
	Ordinal0 [0x009F71B7+1143223]
	GetHandleVerifier [0x00AF2B46+507814]
	GetHandleVerifier [0x00AF2864+507076]
	GetHandleVerifier [0x00AF9F47+537511]
	GetHandleVerifier [0x00AF3402+510050]
	Ordinal0 [0x009EF29C+1110684]
	Ordinal0 [0x009F938B+1151883]
	Ordinal0 [0x009F94F3+1152243]
	Ordinal0 [0x009F83F5+1147893]
	BaseThreadInitThunk [0x75DE6359+25]
	RtlGetAppContainerNamedObjectPath [0x77B07B74+228]
	RtlGetAppContainerNamedObjectPath [0x77B07B44+180]
">
      <![CDATA[org.openqa.selenium.SessionNotCreatedException: session not created
from chrome not reachable
  (Session info: chrome=80.0.3987.122)
Build info: version: '3.141.59', revision: 'e82be7d358', time: '2018-11-14T08:17:03'
System info: host: 'ASHISH-LAPTOP', ip: '192.168.59.1', os.name: 'Windows 10', os.arch: 'x86', os.version: '10.0', java.version: '1.8.0_151'
Driver info: driver.version: ChromeDriver
remote stacktrace: Backtrace:
	Ordinal0 [0x00A5A113+1548563]
	Ordinal0 [0x009DDDA1+1039777]
	Ordinal0 [0x0095E32E+516910]
	Ordinal0 [0x00958012+491538]
	Ordinal0 [0x009586EB+493291]
	Ordinal0 [0x00959855+497749]
	Ordinal0 [0x00955885+481413]
	Ordinal0 [0x0095F0D0+520400]
	Ordinal0 [0x0090C030+180272]
	Ordinal0 [0x0090B59D+177565]
	Ordinal0 [0x009095FB+169467]
	Ordinal0 [0x008F160A+71178]
	Ordinal0 [0x008F2690+75408]
	Ordinal0 [0x008F2629+75305]
	Ordinal0 [0x009F71B7+1143223]
	GetHandleVerifier [0x00AF2B46+507814]
	GetHandleVerifier [0x00AF2864+507076]
	GetHandleVerifier [0x00AF9F47+537511]
	GetHandleVerifier [0x00AF3402+510050]
	Ordinal0 [0x009EF29C+1110684]
	Ordinal0 [0x009F938B+1151883]
	Ordinal0 [0x009F94F3+1152243]
	Ordinal0 [0x009F83F5+1147893]
	BaseThreadInitThunk [0x75DE6359+25]
	RtlGetAppContainerNamedObjectPath [0x77B07B74+228]
	RtlGetAppContainerNamedObjectPath [0x77B07B44+180]

	at sun.reflect.NativeConstructorAccessorImpl.newInstance0(Native Method)
	at sun.reflect.NativeConstructorAccessorImpl.newInstance(Unknown Source)
	at sun.reflect.DelegatingConstructorAccessorImpl.newInstance(Unknown Source)
	at java.lang.reflect.Constructor.newInstance(Unknown Source)
	at org.openqa.selenium.remote.W3CHandshakeResponse.lambda$errorHandler$0(W3CHandshakeResponse.java:62)
	at org.openqa.selenium.remote.HandshakeResponse.lambda$getResponseFunction$0(HandshakeResponse.java:30)
	at org.openqa.selenium.remote.ProtocolHandshake.lambda$createSession$0(ProtocolHandshake.java:126)
	at java.util.stream.ReferencePipeline$3$1.accept(Unknown Source)
	at java.util.Spliterators$ArraySpliterator.tryAdvance(Unknown Source)
	at java.util.stream.ReferencePipeline.forEachWithCancel(Unknown Source)
	at java.util.stream.AbstractPipeline.copyIntoWithCancel(Unknown Source)
	at java.util.stream.AbstractPipeline.copyInto(Unknown Source)
	at java.util.stream.AbstractPipeline.wrapAndCopyInto(Unknown Source)
	at java.util.stream.FindOps$FindOp.evaluateSequential(Unknown Source)
	at java.util.stream.AbstractPipeline.evaluate(Unknown Source)
	at java.util.stream.ReferencePipeline.findFirst(Unknown Source)
	at org.openqa.selenium.remote.ProtocolHandshake.createSession(ProtocolHandshake.java:128)
	at org.openqa.selenium.remote.ProtocolHandshake.createSession(ProtocolHandshake.java:74)
	at org.openqa.selenium.remote.HttpCommandExecutor.execute(HttpCommandExecutor.java:136)
	at org.openqa.selenium.remote.service.DriverCommandExecutor.execute(DriverCommandExecutor.java:83)
	at org.openqa.selenium.remote.RemoteWebDriver.execute(RemoteWebDriver.java:552)
	at org.openqa.selenium.remote.RemoteWebDriver.startSession(RemoteWebDriver.java:213)
	at org.openqa.selenium.remote.RemoteWebDriver.<init>(RemoteWebDriver.java:131)
	at org.openqa.selenium.chrome.ChromeDriver.<init>(ChromeDriver.java:181)
	at org.openqa.selenium.chrome.ChromeDriver.<init>(ChromeDriver.java:168)
	at org.openqa.selenium.chrome.ChromeDriver.<init>(ChromeDriver.java:123)
	at com.zohoapp.base.Basepage.init_driver(Basepage.java:22)
	at com.zohoapp.Basetest.BaseTest.Setupframework(BaseTest.java:19)
	at sun.reflect.NativeMethodAccessorImpl.invoke0(Native Method)
	at sun.reflect.NativeMethodAccessorImpl.invoke(Unknown Source)
	at sun.reflect.DelegatingMethodAccessorImpl.invoke(Unknown Source)
	at java.lang.reflect.Method.invoke(Unknown Source)
	at org.testng.internal.MethodInvocationHelper.invokeMethod(MethodInvocationHelper.java:100)
	at org.testng.internal.Invoker.invokeConfigurationMethod(Invoker.java:515)
	at org.testng.internal.Invoker.invokeConfigurations(Invoker.java:216)
	at org.testng.internal.Invoker.invokeMethod(Invoker.java:590)
	at org.testng.internal.Invoker.invokeTestMethod(Invoker.java:811)
	at org.testng.internal.Invoker.invokeTestMethods(Invoker.java:1129)
	at org.testng.internal.TestMethodWorker.invokeTestMethods(TestMethodWorker.java:129)
	at org.testng.internal.TestMethodWorker.run(TestMethodWorker.java:112)
	at org.testng.TestRunner.privateRun(TestRunner.java:746)
	at org.testng.TestRunner.run(TestRunner.java:600)
	at org.testng.SuiteRunner.runTest(SuiteRunner.java:366)
	at org.testng.SuiteRunner.access$000(SuiteRunner.java:39)
	at org.testng.SuiteRunner$SuiteWorker.run(SuiteRunner.java:400)
	at org.testng.internal.thread.ThreadUtil$2.call(ThreadUtil.java:64)
	at java.util.concurrent.FutureTask.run(Unknown Source)
	at java.util.concurrent.ThreadPoolExecutor.runWorker(Unknown Source)
	at java.util.concurrent.ThreadPoolExecutor$Worker.run(Unknown Source)
	at java.lang.Thread.run(Unknown Source)
]]>
    </error>
  </testcase> <!-- VerifycontactSalesLink -->
  <testcase name="VerfifyCustomerLink" time="0.010" classname="com.zohoapp.testcases.Homepagetest"/>
  <testcase name="Verifyactiveimages" time="0.002" classname="com.zohoapp.testcases.Homepagetest"/>
  <testcase name="Verifyheaderlink" time="0.001" classname="com.zohoapp.testcases.Homepagetest">
    <error type="org.openqa.selenium.SessionNotCreatedException" message="session not created
from chrome not reachable
  (Session info: chrome=80.0.3987.122)
Build info: version: &#039;3.141.59&#039;, revision: &#039;e82be7d358&#039;, time: &#039;2018-11-14T08:17:03&#039;
System info: host: &#039;ASHISH-LAPTOP&#039;, ip: &#039;192.168.59.1&#039;, os.name: &#039;Windows 10&#039;, os.arch: &#039;x86&#039;, os.version: &#039;10.0&#039;, java.version: &#039;1.8.0_151&#039;
Driver info: driver.version: ChromeDriver
remote stacktrace: Backtrace:
	Ordinal0 [0x00A5A113+1548563]
	Ordinal0 [0x009DDDA1+1039777]
	Ordinal0 [0x0095E32E+516910]
	Ordinal0 [0x00958012+491538]
	Ordinal0 [0x009586EB+493291]
	Ordinal0 [0x00959855+497749]
	Ordinal0 [0x00955885+481413]
	Ordinal0 [0x0095F0D0+520400]
	Ordinal0 [0x0090C030+180272]
	Ordinal0 [0x0090B59D+177565]
	Ordinal0 [0x009095FB+169467]
	Ordinal0 [0x008F160A+71178]
	Ordinal0 [0x008F2690+75408]
	Ordinal0 [0x008F2629+75305]
	Ordinal0 [0x009F71B7+1143223]
	GetHandleVerifier [0x00AF2B46+507814]
	GetHandleVerifier [0x00AF2864+507076]
	GetHandleVerifier [0x00AF9F47+537511]
	GetHandleVerifier [0x00AF3402+510050]
	Ordinal0 [0x009EF29C+1110684]
	Ordinal0 [0x009F938B+1151883]
	Ordinal0 [0x009F94F3+1152243]
	Ordinal0 [0x009F83F5+1147893]
	BaseThreadInitThunk [0x75DE6359+25]
	RtlGetAppContainerNamedObjectPath [0x77B07B74+228]
	RtlGetAppContainerNamedObjectPath [0x77B07B44+180]
">
      <![CDATA[org.openqa.selenium.SessionNotCreatedException: session not created
from chrome not reachable
  (Session info: chrome=80.0.3987.122)
Build info: version: '3.141.59', revision: 'e82be7d358', time: '2018-11-14T08:17:03'
System info: host: 'ASHISH-LAPTOP', ip: '192.168.59.1', os.name: 'Windows 10', os.arch: 'x86', os.version: '10.0', java.version: '1.8.0_151'
Driver info: driver.version: ChromeDriver
remote stacktrace: Backtrace:
	Ordinal0 [0x00A5A113+1548563]
	Ordinal0 [0x009DDDA1+1039777]
	Ordinal0 [0x0095E32E+516910]
	Ordinal0 [0x00958012+491538]
	Ordinal0 [0x009586EB+493291]
	Ordinal0 [0x00959855+497749]
	Ordinal0 [0x00955885+481413]
	Ordinal0 [0x0095F0D0+520400]
	Ordinal0 [0x0090C030+180272]
	Ordinal0 [0x0090B59D+177565]
	Ordinal0 [0x009095FB+169467]
	Ordinal0 [0x008F160A+71178]
	Ordinal0 [0x008F2690+75408]
	Ordinal0 [0x008F2629+75305]
	Ordinal0 [0x009F71B7+1143223]
	GetHandleVerifier [0x00AF2B46+507814]
	GetHandleVerifier [0x00AF2864+507076]
	GetHandleVerifier [0x00AF9F47+537511]
	GetHandleVerifier [0x00AF3402+510050]
	Ordinal0 [0x009EF29C+1110684]
	Ordinal0 [0x009F938B+1151883]
	Ordinal0 [0x009F94F3+1152243]
	Ordinal0 [0x009F83F5+1147893]
	BaseThreadInitThunk [0x75DE6359+25]
	RtlGetAppContainerNamedObjectPath [0x77B07B74+228]
	RtlGetAppContainerNamedObjectPath [0x77B07B44+180]

	at sun.reflect.NativeConstructorAccessorImpl.newInstance0(Native Method)
	at sun.reflect.NativeConstructorAccessorImpl.newInstance(Unknown Source)
	at sun.reflect.DelegatingConstructorAccessorImpl.newInstance(Unknown Source)
	at java.lang.reflect.Constructor.newInstance(Unknown Source)
	at org.openqa.selenium.remote.W3CHandshakeResponse.lambda$errorHandler$0(W3CHandshakeResponse.java:62)
	at org.openqa.selenium.remote.HandshakeResponse.lambda$getResponseFunction$0(HandshakeResponse.java:30)
	at org.openqa.selenium.remote.ProtocolHandshake.lambda$createSession$0(ProtocolHandshake.java:126)
	at java.util.stream.ReferencePipeline$3$1.accept(Unknown Source)
	at java.util.Spliterators$ArraySpliterator.tryAdvance(Unknown Source)
	at java.util.stream.ReferencePipeline.forEachWithCancel(Unknown Source)
	at java.util.stream.AbstractPipeline.copyIntoWithCancel(Unknown Source)
	at java.util.stream.AbstractPipeline.copyInto(Unknown Source)
	at java.util.stream.AbstractPipeline.wrapAndCopyInto(Unknown Source)
	at java.util.stream.FindOps$FindOp.evaluateSequential(Unknown Source)
	at java.util.stream.AbstractPipeline.evaluate(Unknown Source)
	at java.util.stream.ReferencePipeline.findFirst(Unknown Source)
	at org.openqa.selenium.remote.ProtocolHandshake.createSession(ProtocolHandshake.java:128)
	at org.openqa.selenium.remote.ProtocolHandshake.createSession(ProtocolHandshake.java:74)
	at org.openqa.selenium.remote.HttpCommandExecutor.execute(HttpCommandExecutor.java:136)
	at org.openqa.selenium.remote.service.DriverCommandExecutor.execute(DriverCommandExecutor.java:83)
	at org.openqa.selenium.remote.RemoteWebDriver.execute(RemoteWebDriver.java:552)
	at org.openqa.selenium.remote.RemoteWebDriver.startSession(RemoteWebDriver.java:213)
	at org.openqa.selenium.remote.RemoteWebDriver.<init>(RemoteWebDriver.java:131)
	at org.openqa.selenium.chrome.ChromeDriver.<init>(ChromeDriver.java:181)
	at org.openqa.selenium.chrome.ChromeDriver.<init>(ChromeDriver.java:168)
	at org.openqa.selenium.chrome.ChromeDriver.<init>(ChromeDriver.java:123)
	at com.zohoapp.base.Basepage.init_driver(Basepage.java:22)
	at com.zohoapp.Basetest.BaseTest.Setupframework(BaseTest.java:19)
	at sun.reflect.NativeMethodAccessorImpl.invoke0(Native Method)
	at sun.reflect.NativeMethodAccessorImpl.invoke(Unknown Source)
	at sun.reflect.DelegatingMethodAccessorImpl.invoke(Unknown Source)
	at java.lang.reflect.Method.invoke(Unknown Source)
	at org.testng.internal.MethodInvocationHelper.invokeMethod(MethodInvocationHelper.java:100)
	at org.testng.internal.Invoker.invokeConfigurationMethod(Invoker.java:515)
	at org.testng.internal.Invoker.invokeConfigurations(Invoker.java:216)
	at org.testng.internal.Invoker.invokeMethod(Invoker.java:590)
	at org.testng.internal.Invoker.invokeTestMethod(Invoker.java:811)
	at org.testng.internal.Invoker.invokeTestMethods(Invoker.java:1129)
	at org.testng.internal.TestMethodWorker.invokeTestMethods(TestMethodWorker.java:129)
	at org.testng.internal.TestMethodWorker.run(TestMethodWorker.java:112)
	at org.testng.TestRunner.privateRun(TestRunner.java:746)
	at org.testng.TestRunner.run(TestRunner.java:600)
	at org.testng.SuiteRunner.runTest(SuiteRunner.java:366)
	at org.testng.SuiteRunner.access$000(SuiteRunner.java:39)
	at org.testng.SuiteRunner$SuiteWorker.run(SuiteRunner.java:400)
	at org.testng.internal.thread.ThreadUtil$2.call(ThreadUtil.java:64)
	at java.util.concurrent.FutureTask.run(Unknown Source)
	at java.util.concurrent.ThreadPoolExecutor.runWorker(Unknown Source)
	at java.util.concurrent.ThreadPoolExecutor$Worker.run(Unknown Source)
	at java.lang.Thread.run(Unknown Source)
]]>
    </error>
  </testcase> <!-- Verifyheaderlink -->
  <testcase name="Verifytittle" time="0.003" classname="com.zohoapp.testcases.Homepagetest">
    <error type="org.openqa.selenium.SessionNotCreatedException" message="session not created
from chrome not reachable
  (Session info: chrome=80.0.3987.122)
Build info: version: &#039;3.141.59&#039;, revision: &#039;e82be7d358&#039;, time: &#039;2018-11-14T08:17:03&#039;
System info: host: &#039;ASHISH-LAPTOP&#039;, ip: &#039;192.168.59.1&#039;, os.name: &#039;Windows 10&#039;, os.arch: &#039;x86&#039;, os.version: &#039;10.0&#039;, java.version: &#039;1.8.0_151&#039;
Driver info: driver.version: ChromeDriver
remote stacktrace: Backtrace:
	Ordinal0 [0x00A5A113+1548563]
	Ordinal0 [0x009DDDA1+1039777]
	Ordinal0 [0x0095E32E+516910]
	Ordinal0 [0x00958012+491538]
	Ordinal0 [0x009586EB+493291]
	Ordinal0 [0x00959855+497749]
	Ordinal0 [0x00955885+481413]
	Ordinal0 [0x0095F0D0+520400]
	Ordinal0 [0x0090C030+180272]
	Ordinal0 [0x0090B59D+177565]
	Ordinal0 [0x009095FB+169467]
	Ordinal0 [0x008F160A+71178]
	Ordinal0 [0x008F2690+75408]
	Ordinal0 [0x008F2629+75305]
	Ordinal0 [0x009F71B7+1143223]
	GetHandleVerifier [0x00AF2B46+507814]
	GetHandleVerifier [0x00AF2864+507076]
	GetHandleVerifier [0x00AF9F47+537511]
	GetHandleVerifier [0x00AF3402+510050]
	Ordinal0 [0x009EF29C+1110684]
	Ordinal0 [0x009F938B+1151883]
	Ordinal0 [0x009F94F3+1152243]
	Ordinal0 [0x009F83F5+1147893]
	BaseThreadInitThunk [0x75DE6359+25]
	RtlGetAppContainerNamedObjectPath [0x77B07B74+228]
	RtlGetAppContainerNamedObjectPath [0x77B07B44+180]
">
      <![CDATA[org.openqa.selenium.SessionNotCreatedException: session not created
from chrome not reachable
  (Session info: chrome=80.0.3987.122)
Build info: version: '3.141.59', revision: 'e82be7d358', time: '2018-11-14T08:17:03'
System info: host: 'ASHISH-LAPTOP', ip: '192.168.59.1', os.name: 'Windows 10', os.arch: 'x86', os.version: '10.0', java.version: '1.8.0_151'
Driver info: driver.version: ChromeDriver
remote stacktrace: Backtrace:
	Ordinal0 [0x00A5A113+1548563]
	Ordinal0 [0x009DDDA1+1039777]
	Ordinal0 [0x0095E32E+516910]
	Ordinal0 [0x00958012+491538]
	Ordinal0 [0x009586EB+493291]
	Ordinal0 [0x00959855+497749]
	Ordinal0 [0x00955885+481413]
	Ordinal0 [0x0095F0D0+520400]
	Ordinal0 [0x0090C030+180272]
	Ordinal0 [0x0090B59D+177565]
	Ordinal0 [0x009095FB+169467]
	Ordinal0 [0x008F160A+71178]
	Ordinal0 [0x008F2690+75408]
	Ordinal0 [0x008F2629+75305]
	Ordinal0 [0x009F71B7+1143223]
	GetHandleVerifier [0x00AF2B46+507814]
	GetHandleVerifier [0x00AF2864+507076]
	GetHandleVerifier [0x00AF9F47+537511]
	GetHandleVerifier [0x00AF3402+510050]
	Ordinal0 [0x009EF29C+1110684]
	Ordinal0 [0x009F938B+1151883]
	Ordinal0 [0x009F94F3+1152243]
	Ordinal0 [0x009F83F5+1147893]
	BaseThreadInitThunk [0x75DE6359+25]
	RtlGetAppContainerNamedObjectPath [0x77B07B74+228]
	RtlGetAppContainerNamedObjectPath [0x77B07B44+180]

	at sun.reflect.NativeConstructorAccessorImpl.newInstance0(Native Method)
	at sun.reflect.NativeConstructorAccessorImpl.newInstance(Unknown Source)
	at sun.reflect.DelegatingConstructorAccessorImpl.newInstance(Unknown Source)
	at java.lang.reflect.Constructor.newInstance(Unknown Source)
	at org.openqa.selenium.remote.W3CHandshakeResponse.lambda$errorHandler$0(W3CHandshakeResponse.java:62)
	at org.openqa.selenium.remote.HandshakeResponse.lambda$getResponseFunction$0(HandshakeResponse.java:30)
	at org.openqa.selenium.remote.ProtocolHandshake.lambda$createSession$0(ProtocolHandshake.java:126)
	at java.util.stream.ReferencePipeline$3$1.accept(Unknown Source)
	at java.util.Spliterators$ArraySpliterator.tryAdvance(Unknown Source)
	at java.util.stream.ReferencePipeline.forEachWithCancel(Unknown Source)
	at java.util.stream.AbstractPipeline.copyIntoWithCancel(Unknown Source)
	at java.util.stream.AbstractPipeline.copyInto(Unknown Source)
	at java.util.stream.AbstractPipeline.wrapAndCopyInto(Unknown Source)
	at java.util.stream.FindOps$FindOp.evaluateSequential(Unknown Source)
	at java.util.stream.AbstractPipeline.evaluate(Unknown Source)
	at java.util.stream.ReferencePipeline.findFirst(Unknown Source)
	at org.openqa.selenium.remote.ProtocolHandshake.createSession(ProtocolHandshake.java:128)
	at org.openqa.selenium.remote.ProtocolHandshake.createSession(ProtocolHandshake.java:74)
	at org.openqa.selenium.remote.HttpCommandExecutor.execute(HttpCommandExecutor.java:136)
	at org.openqa.selenium.remote.service.DriverCommandExecutor.execute(DriverCommandExecutor.java:83)
	at org.openqa.selenium.remote.RemoteWebDriver.execute(RemoteWebDriver.java:552)
	at org.openqa.selenium.remote.RemoteWebDriver.startSession(RemoteWebDriver.java:213)
	at org.openqa.selenium.remote.RemoteWebDriver.<init>(RemoteWebDriver.java:131)
	at org.openqa.selenium.chrome.ChromeDriver.<init>(ChromeDriver.java:181)
	at org.openqa.selenium.chrome.ChromeDriver.<init>(ChromeDriver.java:168)
	at org.openqa.selenium.chrome.ChromeDriver.<init>(ChromeDriver.java:123)
	at com.zohoapp.base.Basepage.init_driver(Basepage.java:22)
	at com.zohoapp.Basetest.BaseTest.Setupframework(BaseTest.java:19)
	at sun.reflect.NativeMethodAccessorImpl.invoke0(Native Method)
	at sun.reflect.NativeMethodAccessorImpl.invoke(Unknown Source)
	at sun.reflect.DelegatingMethodAccessorImpl.invoke(Unknown Source)
	at java.lang.reflect.Method.invoke(Unknown Source)
	at org.testng.internal.MethodInvocationHelper.invokeMethod(MethodInvocationHelper.java:100)
	at org.testng.internal.Invoker.invokeConfigurationMethod(Invoker.java:515)
	at org.testng.internal.Invoker.invokeConfigurations(Invoker.java:216)
	at org.testng.internal.Invoker.invokeMethod(Invoker.java:590)
	at org.testng.internal.Invoker.invokeTestMethod(Invoker.java:811)
	at org.testng.internal.Invoker.invokeTestMethods(Invoker.java:1129)
	at org.testng.internal.TestMethodWorker.invokeTestMethods(TestMethodWorker.java:129)
	at org.testng.internal.TestMethodWorker.run(TestMethodWorker.java:112)
	at org.testng.TestRunner.privateRun(TestRunner.java:746)
	at org.testng.TestRunner.run(TestRunner.java:600)
	at org.testng.SuiteRunner.runTest(SuiteRunner.java:366)
	at org.testng.SuiteRunner.access$000(SuiteRunner.java:39)
	at org.testng.SuiteRunner$SuiteWorker.run(SuiteRunner.java:400)
	at org.testng.internal.thread.ThreadUtil$2.call(ThreadUtil.java:64)
	at java.util.concurrent.FutureTask.run(Unknown Source)
	at java.util.concurrent.ThreadPoolExecutor.runWorker(Unknown Source)
	at java.util.concurrent.ThreadPoolExecutor$Worker.run(Unknown Source)
	at java.lang.Thread.run(Unknown Source)
]]>
    </error>
  </testcase> <!-- Verifytittle -->
  <testcase name="Verifyfooterlink" time="0.001" classname="com.zohoapp.testcases.Homepagetest">
    <error type="org.openqa.selenium.SessionNotCreatedException" message="session not created
from chrome not reachable
  (Session info: chrome=80.0.3987.122)
Build info: version: &#039;3.141.59&#039;, revision: &#039;e82be7d358&#039;, time: &#039;2018-11-14T08:17:03&#039;
System info: host: &#039;ASHISH-LAPTOP&#039;, ip: &#039;192.168.59.1&#039;, os.name: &#039;Windows 10&#039;, os.arch: &#039;x86&#039;, os.version: &#039;10.0&#039;, java.version: &#039;1.8.0_151&#039;
Driver info: driver.version: ChromeDriver
remote stacktrace: Backtrace:
	Ordinal0 [0x00A5A113+1548563]
	Ordinal0 [0x009DDDA1+1039777]
	Ordinal0 [0x0095E32E+516910]
	Ordinal0 [0x00958012+491538]
	Ordinal0 [0x009586EB+493291]
	Ordinal0 [0x00959855+497749]
	Ordinal0 [0x00955885+481413]
	Ordinal0 [0x0095F0D0+520400]
	Ordinal0 [0x0090C030+180272]
	Ordinal0 [0x0090B59D+177565]
	Ordinal0 [0x009095FB+169467]
	Ordinal0 [0x008F160A+71178]
	Ordinal0 [0x008F2690+75408]
	Ordinal0 [0x008F2629+75305]
	Ordinal0 [0x009F71B7+1143223]
	GetHandleVerifier [0x00AF2B46+507814]
	GetHandleVerifier [0x00AF2864+507076]
	GetHandleVerifier [0x00AF9F47+537511]
	GetHandleVerifier [0x00AF3402+510050]
	Ordinal0 [0x009EF29C+1110684]
	Ordinal0 [0x009F938B+1151883]
	Ordinal0 [0x009F94F3+1152243]
	Ordinal0 [0x009F83F5+1147893]
	BaseThreadInitThunk [0x75DE6359+25]
	RtlGetAppContainerNamedObjectPath [0x77B07B74+228]
	RtlGetAppContainerNamedObjectPath [0x77B07B44+180]
">
      <![CDATA[org.openqa.selenium.SessionNotCreatedException: session not created
from chrome not reachable
  (Session info: chrome=80.0.3987.122)
Build info: version: '3.141.59', revision: 'e82be7d358', time: '2018-11-14T08:17:03'
System info: host: 'ASHISH-LAPTOP', ip: '192.168.59.1', os.name: 'Windows 10', os.arch: 'x86', os.version: '10.0', java.version: '1.8.0_151'
Driver info: driver.version: ChromeDriver
remote stacktrace: Backtrace:
	Ordinal0 [0x00A5A113+1548563]
	Ordinal0 [0x009DDDA1+1039777]
	Ordinal0 [0x0095E32E+516910]
	Ordinal0 [0x00958012+491538]
	Ordinal0 [0x009586EB+493291]
	Ordinal0 [0x00959855+497749]
	Ordinal0 [0x00955885+481413]
	Ordinal0 [0x0095F0D0+520400]
	Ordinal0 [0x0090C030+180272]
	Ordinal0 [0x0090B59D+177565]
	Ordinal0 [0x009095FB+169467]
	Ordinal0 [0x008F160A+71178]
	Ordinal0 [0x008F2690+75408]
	Ordinal0 [0x008F2629+75305]
	Ordinal0 [0x009F71B7+1143223]
	GetHandleVerifier [0x00AF2B46+507814]
	GetHandleVerifier [0x00AF2864+507076]
	GetHandleVerifier [0x00AF9F47+537511]
	GetHandleVerifier [0x00AF3402+510050]
	Ordinal0 [0x009EF29C+1110684]
	Ordinal0 [0x009F938B+1151883]
	Ordinal0 [0x009F94F3+1152243]
	Ordinal0 [0x009F83F5+1147893]
	BaseThreadInitThunk [0x75DE6359+25]
	RtlGetAppContainerNamedObjectPath [0x77B07B74+228]
	RtlGetAppContainerNamedObjectPath [0x77B07B44+180]

	at sun.reflect.NativeConstructorAccessorImpl.newInstance0(Native Method)
	at sun.reflect.NativeConstructorAccessorImpl.newInstance(Unknown Source)
	at sun.reflect.DelegatingConstructorAccessorImpl.newInstance(Unknown Source)
	at java.lang.reflect.Constructor.newInstance(Unknown Source)
	at org.openqa.selenium.remote.W3CHandshakeResponse.lambda$errorHandler$0(W3CHandshakeResponse.java:62)
	at org.openqa.selenium.remote.HandshakeResponse.lambda$getResponseFunction$0(HandshakeResponse.java:30)
	at org.openqa.selenium.remote.ProtocolHandshake.lambda$createSession$0(ProtocolHandshake.java:126)
	at java.util.stream.ReferencePipeline$3$1.accept(Unknown Source)
	at java.util.Spliterators$ArraySpliterator.tryAdvance(Unknown Source)
	at java.util.stream.ReferencePipeline.forEachWithCancel(Unknown Source)
	at java.util.stream.AbstractPipeline.copyIntoWithCancel(Unknown Source)
	at java.util.stream.AbstractPipeline.copyInto(Unknown Source)
	at java.util.stream.AbstractPipeline.wrapAndCopyInto(Unknown Source)
	at java.util.stream.FindOps$FindOp.evaluateSequential(Unknown Source)
	at java.util.stream.AbstractPipeline.evaluate(Unknown Source)
	at java.util.stream.ReferencePipeline.findFirst(Unknown Source)
	at org.openqa.selenium.remote.ProtocolHandshake.createSession(ProtocolHandshake.java:128)
	at org.openqa.selenium.remote.ProtocolHandshake.createSession(ProtocolHandshake.java:74)
	at org.openqa.selenium.remote.HttpCommandExecutor.execute(HttpCommandExecutor.java:136)
	at org.openqa.selenium.remote.service.DriverCommandExecutor.execute(DriverCommandExecutor.java:83)
	at org.openqa.selenium.remote.RemoteWebDriver.execute(RemoteWebDriver.java:552)
	at org.openqa.selenium.remote.RemoteWebDriver.startSession(RemoteWebDriver.java:213)
	at org.openqa.selenium.remote.RemoteWebDriver.<init>(RemoteWebDriver.java:131)
	at org.openqa.selenium.chrome.ChromeDriver.<init>(ChromeDriver.java:181)
	at org.openqa.selenium.chrome.ChromeDriver.<init>(ChromeDriver.java:168)
	at org.openqa.selenium.chrome.ChromeDriver.<init>(ChromeDriver.java:123)
	at com.zohoapp.base.Basepage.init_driver(Basepage.java:22)
	at com.zohoapp.Basetest.BaseTest.Setupframework(BaseTest.java:19)
	at sun.reflect.NativeMethodAccessorImpl.invoke0(Native Method)
	at sun.reflect.NativeMethodAccessorImpl.invoke(Unknown Source)
	at sun.reflect.DelegatingMethodAccessorImpl.invoke(Unknown Source)
	at java.lang.reflect.Method.invoke(Unknown Source)
	at org.testng.internal.MethodInvocationHelper.invokeMethod(MethodInvocationHelper.java:100)
	at org.testng.internal.Invoker.invokeConfigurationMethod(Invoker.java:515)
	at org.testng.internal.Invoker.invokeConfigurations(Invoker.java:216)
	at org.testng.internal.Invoker.invokeMethod(Invoker.java:590)
	at org.testng.internal.Invoker.invokeTestMethod(Invoker.java:811)
	at org.testng.internal.Invoker.invokeTestMethods(Invoker.java:1129)
	at org.testng.internal.TestMethodWorker.invokeTestMethods(TestMethodWorker.java:129)
	at org.testng.internal.TestMethodWorker.run(TestMethodWorker.java:112)
	at org.testng.TestRunner.privateRun(TestRunner.java:746)
	at org.testng.TestRunner.run(TestRunner.java:600)
	at org.testng.SuiteRunner.runTest(SuiteRunner.java:366)
	at org.testng.SuiteRunner.access$000(SuiteRunner.java:39)
	at org.testng.SuiteRunner$SuiteWorker.run(SuiteRunner.java:400)
	at org.testng.internal.thread.ThreadUtil$2.call(ThreadUtil.java:64)
	at java.util.concurrent.FutureTask.run(Unknown Source)
	at java.util.concurrent.ThreadPoolExecutor.runWorker(Unknown Source)
	at java.util.concurrent.ThreadPoolExecutor$Worker.run(Unknown Source)
	at java.lang.Thread.run(Unknown Source)
]]>
    </error>
  </testcase> <!-- Verifyfooterlink -->
  <testcase name="VerifySupportLink" time="0.003" classname="com.zohoapp.testcases.Homepagetest"/>
  <testcase name="Verifyheaderlink" time="0.004" classname="com.zohoapp.testcases.Homepagetest">
    <error type="org.openqa.selenium.SessionNotCreatedException" message="session not created
from chrome not reachable
  (Session info: chrome=80.0.3987.122)
Build info: version: &#039;3.141.59&#039;, revision: &#039;e82be7d358&#039;, time: &#039;2018-11-14T08:17:03&#039;
System info: host: &#039;ASHISH-LAPTOP&#039;, ip: &#039;192.168.59.1&#039;, os.name: &#039;Windows 10&#039;, os.arch: &#039;x86&#039;, os.version: &#039;10.0&#039;, java.version: &#039;1.8.0_151&#039;
Driver info: driver.version: ChromeDriver
remote stacktrace: Backtrace:
	Ordinal0 [0x00A5A113+1548563]
	Ordinal0 [0x009DDDA1+1039777]
	Ordinal0 [0x0095E32E+516910]
	Ordinal0 [0x00958012+491538]
	Ordinal0 [0x009586EB+493291]
	Ordinal0 [0x00959855+497749]
	Ordinal0 [0x00955885+481413]
	Ordinal0 [0x0095F0D0+520400]
	Ordinal0 [0x0090C030+180272]
	Ordinal0 [0x0090B59D+177565]
	Ordinal0 [0x009095FB+169467]
	Ordinal0 [0x008F160A+71178]
	Ordinal0 [0x008F2690+75408]
	Ordinal0 [0x008F2629+75305]
	Ordinal0 [0x009F71B7+1143223]
	GetHandleVerifier [0x00AF2B46+507814]
	GetHandleVerifier [0x00AF2864+507076]
	GetHandleVerifier [0x00AF9F47+537511]
	GetHandleVerifier [0x00AF3402+510050]
	Ordinal0 [0x009EF29C+1110684]
	Ordinal0 [0x009F938B+1151883]
	Ordinal0 [0x009F94F3+1152243]
	Ordinal0 [0x009F83F5+1147893]
	BaseThreadInitThunk [0x75DE6359+25]
	RtlGetAppContainerNamedObjectPath [0x77B07B74+228]
	RtlGetAppContainerNamedObjectPath [0x77B07B44+180]
">
      <![CDATA[org.openqa.selenium.SessionNotCreatedException: session not created
from chrome not reachable
  (Session info: chrome=80.0.3987.122)
Build info: version: '3.141.59', revision: 'e82be7d358', time: '2018-11-14T08:17:03'
System info: host: 'ASHISH-LAPTOP', ip: '192.168.59.1', os.name: 'Windows 10', os.arch: 'x86', os.version: '10.0', java.version: '1.8.0_151'
Driver info: driver.version: ChromeDriver
remote stacktrace: Backtrace:
	Ordinal0 [0x00A5A113+1548563]
	Ordinal0 [0x009DDDA1+1039777]
	Ordinal0 [0x0095E32E+516910]
	Ordinal0 [0x00958012+491538]
	Ordinal0 [0x009586EB+493291]
	Ordinal0 [0x00959855+497749]
	Ordinal0 [0x00955885+481413]
	Ordinal0 [0x0095F0D0+520400]
	Ordinal0 [0x0090C030+180272]
	Ordinal0 [0x0090B59D+177565]
	Ordinal0 [0x009095FB+169467]
	Ordinal0 [0x008F160A+71178]
	Ordinal0 [0x008F2690+75408]
	Ordinal0 [0x008F2629+75305]
	Ordinal0 [0x009F71B7+1143223]
	GetHandleVerifier [0x00AF2B46+507814]
	GetHandleVerifier [0x00AF2864+507076]
	GetHandleVerifier [0x00AF9F47+537511]
	GetHandleVerifier [0x00AF3402+510050]
	Ordinal0 [0x009EF29C+1110684]
	Ordinal0 [0x009F938B+1151883]
	Ordinal0 [0x009F94F3+1152243]
	Ordinal0 [0x009F83F5+1147893]
	BaseThreadInitThunk [0x75DE6359+25]
	RtlGetAppContainerNamedObjectPath [0x77B07B74+228]
	RtlGetAppContainerNamedObjectPath [0x77B07B44+180]

	at sun.reflect.NativeConstructorAccessorImpl.newInstance0(Native Method)
	at sun.reflect.NativeConstructorAccessorImpl.newInstance(Unknown Source)
	at sun.reflect.DelegatingConstructorAccessorImpl.newInstance(Unknown Source)
	at java.lang.reflect.Constructor.newInstance(Unknown Source)
	at org.openqa.selenium.remote.W3CHandshakeResponse.lambda$errorHandler$0(W3CHandshakeResponse.java:62)
	at org.openqa.selenium.remote.HandshakeResponse.lambda$getResponseFunction$0(HandshakeResponse.java:30)
	at org.openqa.selenium.remote.ProtocolHandshake.lambda$createSession$0(ProtocolHandshake.java:126)
	at java.util.stream.ReferencePipeline$3$1.accept(Unknown Source)
	at java.util.Spliterators$ArraySpliterator.tryAdvance(Unknown Source)
	at java.util.stream.ReferencePipeline.forEachWithCancel(Unknown Source)
	at java.util.stream.AbstractPipeline.copyIntoWithCancel(Unknown Source)
	at java.util.stream.AbstractPipeline.copyInto(Unknown Source)
	at java.util.stream.AbstractPipeline.wrapAndCopyInto(Unknown Source)
	at java.util.stream.FindOps$FindOp.evaluateSequential(Unknown Source)
	at java.util.stream.AbstractPipeline.evaluate(Unknown Source)
	at java.util.stream.ReferencePipeline.findFirst(Unknown Source)
	at org.openqa.selenium.remote.ProtocolHandshake.createSession(ProtocolHandshake.java:128)
	at org.openqa.selenium.remote.ProtocolHandshake.createSession(ProtocolHandshake.java:74)
	at org.openqa.selenium.remote.HttpCommandExecutor.execute(HttpCommandExecutor.java:136)
	at org.openqa.selenium.remote.service.DriverCommandExecutor.execute(DriverCommandExecutor.java:83)
	at org.openqa.selenium.remote.RemoteWebDriver.execute(RemoteWebDriver.java:552)
	at org.openqa.selenium.remote.RemoteWebDriver.startSession(RemoteWebDriver.java:213)
	at org.openqa.selenium.remote.RemoteWebDriver.<init>(RemoteWebDriver.java:131)
	at org.openqa.selenium.chrome.ChromeDriver.<init>(ChromeDriver.java:181)
	at org.openqa.selenium.chrome.ChromeDriver.<init>(ChromeDriver.java:168)
	at org.openqa.selenium.chrome.ChromeDriver.<init>(ChromeDriver.java:123)
	at com.zohoapp.base.Basepage.init_driver(Basepage.java:22)
	at com.zohoapp.Basetest.BaseTest.Setupframework(BaseTest.java:19)
	at sun.reflect.NativeMethodAccessorImpl.invoke0(Native Method)
	at sun.reflect.NativeMethodAccessorImpl.invoke(Unknown Source)
	at sun.reflect.DelegatingMethodAccessorImpl.invoke(Unknown Source)
	at java.lang.reflect.Method.invoke(Unknown Source)
	at org.testng.internal.MethodInvocationHelper.invokeMethod(MethodInvocationHelper.java:100)
	at org.testng.internal.Invoker.invokeConfigurationMethod(Invoker.java:515)
	at org.testng.internal.Invoker.invokeConfigurations(Invoker.java:216)
	at org.testng.internal.Invoker.invokeMethod(Invoker.java:590)
	at org.testng.internal.Invoker.invokeTestMethod(Invoker.java:811)
	at org.testng.internal.Invoker.invokeTestMethods(Invoker.java:1129)
	at org.testng.internal.TestMethodWorker.invokeTestMethods(TestMethodWorker.java:129)
	at org.testng.internal.TestMethodWorker.run(TestMethodWorker.java:112)
	at org.testng.TestRunner.privateRun(TestRunner.java:746)
	at org.testng.TestRunner.run(TestRunner.java:600)
	at org.testng.SuiteRunner.runTest(SuiteRunner.java:366)
	at org.testng.SuiteRunner.access$000(SuiteRunner.java:39)
	at org.testng.SuiteRunner$SuiteWorker.run(SuiteRunner.java:400)
	at org.testng.internal.thread.ThreadUtil$2.call(ThreadUtil.java:64)
	at java.util.concurrent.FutureTask.run(Unknown Source)
	at java.util.concurrent.ThreadPoolExecutor.runWorker(Unknown Source)
	at java.util.concurrent.ThreadPoolExecutor$Worker.run(Unknown Source)
	at java.lang.Thread.run(Unknown Source)
]]>
    </error>
  </testcase> <!-- Verifyheaderlink -->
</testsuite> <!-- com.zohoapp.testcases.Homepagetest -->
